Nudged types: Sessions, History
Refresh requested types: Bookmarks, Preferences, Passwords, Autofill Profiles, Autofill, Extensions, Sessions, Extension settings, History Delete Directives, Device Info, User Consents, Send Tab To Self, Web Apps, History, Saved Tab Group, WebAuthn Credentials, Collection, Edge E Drop, Edge Hub App Usage, Edge Wallet, Encryption Keys}
{"logTime": "1008/173856", "correlationVector":"gqgNeS/WSJdAIHRDoMhTNY.1","action":"SyncServerConnectionManagerRequest", "result":"SYNC_SERVER_OK", "context":{"environment":"Prod_southindia_prod-s01-004-apac-southindia", "migrationStage":"NotStarted", "server":"akswtt01800003z"}}
{"logTime": "1008/173856", "correlationVector":"gqgNeS/WSJdAIHRDoMhTNY.2","action":"ProcessGetUpdates", "result":"Done", "context":{"dataType":"Sessions", "deleted":"1", "process_failed_to_decrypt":"0", "process_pending_decryption":"0", "process_success":"3", "total":"3"}}
{"logTime": "1008/173856", "correlationVector":"gqgNeS/WSJdAIHRDoMhTNY.3","action":"ProcessGetUpdates", "result":"Done", "context":{"dataType":"History", "deleted":"0", "process_failed_to_decrypt":"0", "process_pending_decryption":"0", "process_success":"2", "total":"2"}}
{"logTime": "1008/173856", "correlationVector":"gqgNeS/WSJdAIHRDoMhTNY.4","action":"GetUpdates Response", "result":"Success", "context":Received 5 update(s). cV=gqgNeS/WSJdAIHRDoMhTNY.0;server=akswtt01800003z;cloudType=Consumer;environment=Prod_southindia_prod-s01-004-apac-southindia;migrationStage=NotStarted}
{"logTime": "1008/173856", "correlationVector":"U7Gi9J2jxyNfXdEN+J7xMM","action":"Commit Request", "result":"", "context":Item count: 5
Contributing types: Sessions, History}
{"logTime": "1008/173858", "correlationVector":"U7Gi9J2jxyNfXdEN+J7xMM.1","action":"SyncServerConnectionManagerRequest", "result":"SYNC_SERVER_OK", "context":{"environment":"Prod_southindia_prod-s01-004-apac-southindia", "migrationStage":"NotStarted", "server":"akswtt01800003s"}}
{"logTime": "1008/173858", "correlationVector":"U7Gi9J2jxyNfXdEN+J7xMM.3","action":"Commit.Sessions", "result":"Success", "context":{"id":"33be646f-2331-4cd6-8254-e72a7cd5a26b", "isDeleted":"true", "size":"0", "version":"1759944766348"}}
{"logTime": "1008/173858", "correlationVector":"U7Gi9J2jxyNfXdEN+J7xMM.2","action":"Commit Response", "result":"Success", "context":Result: Success. cV=U7Gi9J2jxyNfXdEN+J7xMM.0;server=akswtt01800003s;cloudType=Consumer;environment=Prod_southindia_prod-s01-004-apac-southindia;migrationStage=NotStarted}
{"logTime": "1008/174430", "correlationVector":"r7gC3OXNhaPg0kjIjIgSsn.1","action":"SyncServerConnectionManagerRequest", "result":"SYNC_SERVER_OK", "context":{"environment":"Prod_southindia_prod-s01-004-apac-southindia", "migrationStage":"NotStarted", "server":"akswtt01800005q"}}
{"logTime": "1008/174430", "correlationVector":"r7gC3OXNhaPg0kjIjIgSsn.2","action":"ProcessGetUpdates", "result":"Done", "context":{"dataType":"Encryption Keys", "deleted":"0", "process_failed_to_decrypt":"0", "process_pending_decryption":"0", "process_success":"1", "total":"1"}}
{"logTime": "1008/174433", "correlationVector":"nXnZamn1fZwNaFIwMiQ+/U","action":"SyncServerConnectionManagerRequest", "result":"SYNC_SERVER_OK", "context":{"environment":"", "migrationStage":"", "server":""}}
{"logTime": "1008/174433", "correlationVector":"nXnZamn1fZwNaFIwMiQ+/U.0","action":"EncryptionKeysFetcher.DownloadKeys:", "result":"Success", "context":Key count: 4, Last key timestamp: 2025-06-14T07:02:07Z}
{"logTime": "1008/174433", "correlationVector":"nXnZamn1fZwNaFIwMiQ+/U.1","action":"EncryptionKeysManager::SetEncryptionKeys:", "result":"Success", "context":Key names[4]:[nWpa4CAtLF0B3bGmwWqZBiVxdMZO6pFtBUVS0lv6aCDCoUFdmNQsl0noaRYqxgmF5/t4HyGI1Tb4ND0VE9mTsA==][yADaKj3XFHR1AisnNFd74ZUP0GnvYcFYkQE/R7cY3zvjenAJsgX3UZWxhfTfKFgA4TFXYVReOihJ9exXf0ff2Q==][MWwrvj1KLtxHaHN7rP75wMjy3Qtg8x29TSkCR3Ow7LdSBXma03fqnH7+SZhR+O5tNsrxkevXkL6Epyy5fKHUCA==][fmiXNv+oiNUsictHepyoRaWvle3sn05P1V7qOvDtsY4lzedt7mvWYIfWWQulUNrvySGoHr2ci+64kK8dR2hHQg==]}
{"logTime": "1008/174433", "correlationVector":"nXnZamn1fZwNaFIwMiQ+/U.2","action":"EncryptionKeysManager::SetEncryptionKeysWithTimestamps:", "result":"Success", "context":Key timestamps[4]:[2023-11-28T07:17:23Z][2024-06-09T04:57:17Z][2024-12-10T02:42:49Z][2025-06-14T07:02:07Z]}
{"logTime": "1008/174433", "correlationVector":"r7gC3OXNhaPg0kjIjIgSsn","action":"Initial GetUpdates", "result":"", "context":Reason: NEW_CLIENT. cV=r7gC3OXNhaPg0kjIjIgSsn}
{"logTime": "1008/174433", "correlationVector":"r7gC3OXNhaPg0kjIjIgSsn.3","action":"GetUpdates Response", "result":"Success", "context":Received 1 update(s). cV=r7gC3OXNhaPg0kjIjIgSsn.0;server=akswtt01800005q;cloudType=Consumer;environment=Prod_southindia_prod-s01-004-apac-southindia;migrationStage=NotStarted}
{"logTime": "1008/174433", "correlationVector":"GK8tPo66qCJvBmWsiqk5+a","action":"Initial GetUpdates", "result":"", "context":Reason: NEWLY_SUPPORTED_DATATYPE. cV=GK8tPo66qCJvBmWsiqk5+a}
{"logTime": "1008/174433", "correlationVector":"GK8tPo66qCJvBmWsiqk5+a.1","action":"SyncServerConnectionManagerRequest", "result":"SYNC_SERVER_OK", "context":{"environment":"Prod_southindia_prod-s01-004-apac-southindia", "migrationStage":"NotStarted", "server":"akswtt01800005q"}}
{"logTime": "1008/174433", "correlationVector":"GK8tPo66qCJvBmWsiqk5+a.2","action":"ProcessGetUpdates", "result":"Done", "context":{"dataType":"Passwords", "deleted":"0", "process_failed_to_decrypt":"0", "process_pending_decryption":"0", "process_success":"4", "total":"4"}}
{"logTime": "1008/174433", "correlationVector":"GK8tPo66qCJvBmWsiqk5+a.3","action":"GetUpdates Response", "result":"Success", "context":Received 4 update(s). cV=GK8tPo66qCJvBmWsiqk5+a.0;server=akswtt01800005q;cloudType=Consumer;environment=Prod_southindia_prod-s01-004-apac-southindia;migrationStage=NotStarted}
{"logTime": "1008/174434", "correlationVector":"7hoEllzpPDsZ2aaQjr5RxL","action":"Normal GetUpdate request", "result":"", "context":cV=7hoEllzpPDsZ2aaQjr5RxL
Nudged types: Sessions, History
Refresh requested types: Bookmarks, Preferences, Passwords, Autofill Profiles, Autofill, Extensions, Sessions, Extension settings, History Delete Directives, Device Info, User Consents, Send Tab To Self, Web Apps, History, Saved Tab Group, WebAuthn Credentials, Collection, Edge E Drop, Edge Hub App Usage, Edge Wallet, Encryption Keys}
{"logTime": "1008/174434", "correlationVector":"7hoEllzpPDsZ2aaQjr5RxL.1","action":"SyncServerConnectionManagerRequest", "result":"SYNC_SERVER_OK", "context":{"environment":"Prod_southindia_prod-s01-004-apac-southindia", "migrationStage":"NotStarted", "server":"akswtt01800003z"}}
{"logTime": "1008/174434", "correlationVector":"7hoEllzpPDsZ2aaQjr5RxL.2","action":"ProcessGetUpdates", "result":"Done", "context":{"dataType":"Sessions", "deleted":"1", "process_failed_to_decrypt":"0", "process_pending_decryption":"0", "process_success":"3", "total":"3"}}
{"logTime": "1008/174434", "correlationVector":"7hoEllzpPDsZ2aaQjr5RxL.3","action":"ProcessGetUpdates", "result":"Done", "context":{"dataType":"History", "deleted":"0", "process_failed_to_decrypt":"0", "process_pending_decryption":"0", "process_success":"2", "total":"2"}}
{"logTime": "1008/174434", "correlationVector":"7hoEllzpPDsZ2aaQjr5RxL.4","action":"GetUpdates Response", "result":"Success", "context":Received 5 update(s). cV=7hoEllzpPDsZ2aaQjr5RxL.0;server=akswtt01800003z;cloudType=Consumer;environment=Prod_southindia_prod-s01-004-apac-southindia;migrationStage=NotStarted}
{"logTime": "1008/174434", "correlationVector":"KjdI1nnlJaH8zFbYc3B7oL","action":"Commit Request", "result":"", "context":Item count: 5
Contributing types: Sessions, History}
{"logTime": "1008/174435", "correlationVector":"KjdI1nnlJaH8zFbYc3B7oL.1","action":"SyncServerConnectionManagerRequest", "result":"SYNC_SERVER_OK", "context":{"environment":"Prod_southindia_prod-s01-004-apac-southindia", "migrationStage":"NotStarted", "server":"akswtt018000062"}}
{"logTime": "1008/174435", "correlationVector":"KjdI1nnlJaH8zFbYc3B7oL.2","action":"Commit Response", "result":"Success", "context":Result: Success. cV=KjdI1nnlJaH8zFbYc3B7oL.0;server=akswtt018000062;cloudType=Consumer;environment=Prod_southindia_prod-s01-004-apac-southindia;migrationStage=NotStarted}
{"logTime": "1008/174535", "correlationVector":"GQ57fIIw601iVYS4XtDJS2","action":"Commit Request", "result":"", "context":Item count: 3
Contributing types: Sessions, History}
{"logTime": "1008/174537", "correlationVector":"GQ57fIIw601iVYS4XtDJS2.1","action":"SyncServerConnectionManagerRequest", "result":"SYNC_SERVER_OK", "context":{"environment":"Prod_southindia_prod-s01-004-apac-southindia", "migrationStage":"NotStarted", "server":"akswtt018000041"}}
{"logTime": "1008/174537", "correlationVector":"GQ57fIIw601iVYS4XtDJS2.3","action":"Commit.Sessions", "result":"Success", "context":{"id":"3b18e585-97dd-4b8f-afcb-469988c8a4ea", "isDeleted":"true", "size":"0", "version":"1759945474719"}}
{"logTime": "1008/174537", "correlationVector":"GQ57fIIw601iVYS4XtDJS2.2","action":"Commit Response", "result":"Success", "context":Result: Success. cV=GQ57fIIw601iVYS4XtDJS2.0;server=akswtt018000041;cloudType=Consumer;environment=Prod_southindia_prod-s01-004-apac-southindia;migrationStage=NotStarted}
{"logTime": "1008/175009", "correlationVector":"lNdZyw/io3fmYN9Ux6T16U.1","action":"SyncServerConnectionManagerRequest", "result":"SYNC_SERVER_OK", "context":{"environment":"Prod_southindia_prod-s01-004-apac-southindia", "migrationStage":"NotStarted", "server":"akswtt01800002k"}}
{"logTime": "1008/175009", "correlationVector":"lNdZyw/io3fmYN9Ux6T16U.2","action":"ProcessGetUpdates", "result":"Done", "context":{"dataType":"Encryption Keys", "deleted":"0", "process_failed_to_decrypt":"0", "process_pending_decryption":"0", "process_success":"1", "total":"1"}}
{"logTime": "1008/175016", "correlationVector":"jclbRnev/kHBKQY7aMKqmc","action":"SyncServerConnectionManagerRequest", "result":"SYNC_SERVER_OK", "context":{"environment":"", "migrationStage":"", "server":""}}
{"logTime": "1008/175016", "correlationVector":"jclbRnev/kHBKQY7aMKqmc.0","action":"EncryptionKeysFetcher.DownloadKeys:", "result":"Success", "context":Key count: 4, Last key timestamp: 2025-06-14T07:02:07Z}
{"logTime": "1008/175016", "correlationVector":"jclbRnev/kHBKQY7aMKqmc.1","action":"EncryptionKeysManager::SetEncryptionKeys:", "result":"Success", "context":Key names[4]:[nWpa4CAtLF0B3bGmwWqZBiVxdMZO6pFtBUVS0lv6aCDCoUFdmNQsl0noaRYqxgmF5/t4HyGI1Tb4ND0VE9mTsA==][yADaKj3XFHR1AisnNFd74ZUP0GnvYcFYkQE/R7cY3zvjenAJsgX3UZWxhfTfKFgA4TFXYVReOihJ9exXf0ff2Q==][MWwrvj1KLtxHaHN7rP75wMjy3Qtg8x29TSkCR3Ow7LdSBXma03fqnH7+SZhR+O5tNsrxkevXkL6Epyy5fKHUCA==][fmiXNv+oiNUsictHepyoRaWvle3sn05P1V7qOvDtsY4lzedt7mvWYIfWWQulUNrvySGoHr2ci+64kK8dR2hHQg==]}
{"logTime": "1008/175016", "correlationVector":"jclbRnev/kHBKQY7aMKqmc.2","action":"EncryptionKeysManager::SetEncryptionKeysWithTimestamps:", "result":"Success", "context":Key timestamps[4]:[2023-11-28T07:17:23Z][2024-06-09T04:57:17Z][2024-12-10T02:42:49Z][2025-06-14T07:02:07Z]}
{"logTime": "1008/175016", "correlationVector":"lNdZyw/io3fmYN9Ux6T16U","action":"Initial GetUpdates", "result":"", "context":Reason: NEW_CLIENT. cV=lNdZyw/io3fmYN9Ux6T16U}
{"logTime": "1008/175016", "correlationVector":"lNdZyw/io3fmYN9Ux6T16U.3","action":"GetUpdates Response", "result":"Success", "context":Received 1 update(s). cV=lNdZyw/io3fmYN9Ux6T16U.0;server=akswtt01800002k;cloudType=Consumer;environment=Prod_southindia_prod-s01-004-apac-southindia;migrationStage=NotStarted}
{"logTime": "1008/175016", "correlationVector":"/Ob/36Y8S/FM+offiEb2r8","action":"Initial GetUpdates", "result":"", "context":Reason: NEWLY_SUPPORTED_DATATYPE. cV=/Ob/36Y8S/FM+offiEb2r8}
{"logTime": "1008/175018", "correlationVector":"/Ob/36Y8S/FM+offiEb2r8.1","action":"SyncServerConnectionManagerRequest", "result":"SYNC_SERVER_OK", "context":{"environment":"Prod_southindia_prod-s01-004-apac-southindia", "migrationStage":"NotStarted", "server":"akswtt01800002b"}}
{"logTime": "1008/175018", "correlationVector":"/Ob/36Y8S/FM+offiEb2r8.2","action":"ProcessGetUpdates", "result":"Done", "context":{"dataType":"Passwords", "deleted":"0", "process_failed_to_decrypt":"0", "process_pending_decryption":"0", "process_success":"4", "total":"4"}}
{"logTime": "1008/175018", "correlationVector":"/Ob/36Y8S/FM+offiEb2r8.3","action":"GetUpdates Response", "result":"Success", "context":Received 4 update(s). cV=/Ob/36Y8S/FM+offiEb2r8.0;server=akswtt01800002b;cloudType=Consumer;environment=Prod_southindia_prod-s01-004-apac-southindia;migrationStage=NotStarted}
{"logTime": "1008/175018", "correlationVector":"MD6wnsoemu9tkpSgxQtmwZ","action":"Normal GetUpdate request", "result":"", "context":cV=MD6wnsoemu9tkpSgxQtmwZ
Nudged types: Sessions, History
Refresh requested types: Bookmarks, Preferences, Passwords, Autofill Profiles, Autofill, Extensions, Sessions, Extension settings, History Delete Directives, Device Info, User Consents, Send Tab To Self, Web Apps, History, Saved Tab Group, WebAuthn Credentials, Collection, Edge E Drop, Edge Hub App Usage, Edge Wallet, Encryption Keys}
{"logTime": "1008/175020", "correlationVector":"MD6wnsoemu9tkpSgxQtmwZ.1","action":"SyncServerConnectionManagerRequest", "result":"SYNC_SERVER_OK", "context":{"environment":"Prod_southindia_prod-s01-004-apac-southindia", "migrationStage":"NotStarted", "server":"akswtt01800002k"}}
{"logTime": "1008/175020", "correlationVector":"MD6wnsoemu9tkpSgxQtmwZ.2","action":"ProcessGetUpdates", "result":"Done", "context":{"dataType":"Sessions", "deleted":"1", "process_failed_to_decrypt":"0", "process_pending_decryption":"0", "process_success":"3", "total":"3"}}
{"logTime": "1008/175020", "correlationVector":"MD6wnsoemu9tkpSgxQtmwZ.3","action":"ProcessGetUpdates", "result":"Done", "context":{"dataType":"History", "deleted":"0", "process_failed_to_decrypt":"0", "process_pending_decryption":"0", "process_success":"2", "total":"2"}}
{"logTime": "1008/175020", "correlationVector":"MD6wnsoemu9tkpSgxQtmwZ.4","action":"GetUpdates Response", "result":"Success", "context":Received 5 update(s). cV=MD6wnsoemu9tkpSgxQtmwZ.0;server=akswtt01800002k;cloudType=Consumer;environment=Prod_southindia_prod-s01-004-apac-southindia;migrationStage=NotStarted}
{"logTime": "1008/175020", "correlationVector":"7pvRTkG5+vh0xbffmuIH7q","action":"Commit Request", "result":"", "context":Item count: 5
Contributing types: Sessions, History}
{"logTime": "1008/175023", "correlationVector":"7pvRTkG5+vh0xbffmuIH7q.1","action":"SyncServerConnectionManagerRequest", "result":"SYNC_SERVER_OK", "context":{"environment":"Prod_southindia_prod-s01-004-apac-southindia", "migrationStage":"NotStarted", "server":"akswtt018000058"}}
{"logTime": "1008/175023", "correlationVector":"7pvRTkG5+vh0xbffmuIH7q.3","action":"Commit.Sessions", "result":"Success", "context":{"id":"ac960a6b-8108-4241-8e5d-30182a2ba98f", "isDeleted":"true", "size":"0", "version":"1759945537086"}}
{"logTime": "1008/175023", "correlationVector":"7pvRTkG5+vh0xbffmuIH7q.2","action":"Commit Response", "result":"Success", "context":Result: Success. cV=7pvRTkG5+vh0xbffmuIH7q.0;server=akswtt018000058;cloudType=Consumer;environment=Prod_southindia_prod-s01-004-apac-southindia;migrationStage=NotStarted}
{"logTime": "1008/175413", "correlationVector":"lG5ERfnN7FyzaKtr1X0NHt.1","action":"SyncServerConnectionManagerRequest", "result":"SYNC_SERVER_OK", "context":{"environment":"Prod_southindia_prod-s01-004-apac-southindia", "migrationStage":"NotStarted", "server":"akswtt018000005"}}
{"logTime": "1008/175413", "correlationVector":"lG5ERfnN7FyzaKtr1X0NHt.2","action":"ProcessGetUpdates", "result":"Done", "context":{"dataType":"Encryption Keys", "deleted":"0", "process_failed_to_decrypt":"0", "process_pending_decryption":"0", "process_success":"1", "total":"1"}}
{"logTime": "1008/175414", "correlationVector":"BPntaG91ltio67qjbqGaYm","action":"SyncServerConnectionManagerRequest", "result":"SYNC_SERVER_OK", "context":{"environment":"", "migrationStage":"", "server":""}}
{"logTime": "1008/175414", "correlationVector":"BPntaG91ltio67qjbqGaYm.0","action":"EncryptionKeysFetcher.DownloadKeys:", "result":"Success", "context":Key count: 4, Last key timestamp: 2025-06-14T07:02:07Z}
{"logTime": "1008/175414", "correlationVector":"BPntaG91ltio67qjbqGaYm.1","action":"EncryptionKeysManager::SetEncryptionKeys:", "result":"Success", "context":Key names[4]:[nWpa4CAtLF0B3bGmwWqZBiVxdMZO6pFtBUVS0lv6aCDCoUFdmNQsl0noaRYqxgmF5/t4HyGI1Tb4ND0VE9mTsA==][yADaKj3XFHR1AisnNFd74ZUP0GnvYcFYkQE/R7cY3zvjenAJsgX3UZWxhfTfKFgA4TFXYVReOihJ9exXf0ff2Q==][MWwrvj1KLtxHaHN7rP75wMjy3Qtg8x29TSkCR3Ow7LdSBXma03fqnH7+SZhR+O5tNsrxkevXkL6Epyy5fKHUCA==][fmiXNv+oiNUsictHepyoRaWvle3sn05P1V7qOvDtsY4lzedt7mvWYIfWWQulUNrvySGoHr2ci+64kK8dR2hHQg==]}
{"logTime": "1008/175414", "correlationVector":"BPntaG91ltio67qjbqGaYm.2","action":"EncryptionKeysManager::SetEncryptionKeysWithTimestamps:", "result":"Success", "context":Key timestamps[4]:[2023-11-28T07:17:23Z][2024-06-09T04:57:17Z][2024-12-10T02:42:49Z][2025-06-14T07:02:07Z]}
{"logTime": "1008/175414", "correlationVector":"lG5ERfnN7FyzaKtr1X0NHt","action":"Initial GetUpdates", "result":"", "context":Reason: NEW_CLIENT. cV=lG5ERfnN7FyzaKtr1X0NHt}
{"logTime": "1008/175414", "correlationVector":"lG5ERfnN7FyzaKtr1X0NHt.3","action":"GetUpdates Response", "result":"Success", "context":Received 1 update(s). cV=lG5ERfnN7FyzaKtr1X0NHt.0;server=akswtt018000005;cloudType=Consumer;environment=Prod_southindia_prod-s01-004-apac-southindia;migrationStage=NotStarted}
{"logTime": "1008/175414", "correlationVector":"ELHpzUT3Nz0I8Sy0NtgB8E","action":"Initial GetUpdates", "result":"", "context":Reason: NEWLY_SUPPORTED_DATATYPE. cV=ELHpzUT3Nz0I8Sy0NtgB8E}
{"logTime": "1008/175415", "correlationVector":"ELHpzUT3Nz0I8Sy0NtgB8E.1","action":"SyncServerConnectionManagerRequest", "result":"SYNC_SERVER_OK", "context":{"environment":"Prod_southindia_prod-s01-004-apac-southindia", "migrationStage":"NotStarted", "server":"akswtt01800001d"}}
{"logTime": "1008/175415", "correlationVector":"ELHpzUT3Nz0I8Sy0NtgB8E.2","action":"ProcessGetUpdates", "result":"Done", "context":{"dataType":"Passwords", "deleted":"0", "process_failed_to_decrypt":"0", "process_pending_decryption":"0", "process_success":"4", "total":"4"}}
{"logTime": "1008/175415", "correlationVector":"ELHpzUT3Nz0I8Sy0NtgB8E.3","action":"GetUpdates Response", "result":"Success", "context":Received 4 update(s). cV=ELHpzUT3Nz0I8Sy0NtgB8E.0;server=akswtt01800001d;cloudType=Consumer;environment=Prod_southindia_prod-s01-004-apac-southindia;migrationStage=NotStarted}
{"logTime": "1008/175415", "correlationVector":"sGc6xUTOgLswiuF73giXCk","action":"Normal GetUpdate request", "result":"", "context":cV=sGc6xUTOgLswiuF73giXCk
Nudged types: Sessions, History
Refresh requested types: Bookmarks, Preferences, Passwords, Autofill Profiles, Autofill, Extensions, Sessions, Extension settings, History Delete Directives, Device Info, User Consents, Send Tab To Self, Web Apps, History, Saved Tab Group, WebAuthn Credentials, Collection, Edge E Drop, Edge Hub App Usage, Edge Wallet, Encryption Keys}
{"logTime": "1008/175416", "correlationVector":"sGc6xUTOgLswiuF73giXCk.1","action":"SyncServerConnectionManagerRequest", "result":"SYNC_SERVER_OK", "context":{"environment":"Prod_southindia_prod-s01-004-apac-southindia", "migrationStage":"NotStarted", "server":"akswtt01800001d"}}
{"logTime": "1008/175416", "correlationVector":"sGc6xUTOgLswiuF73giXCk.2","action":"ProcessGetUpdates", "result":"Done", "context":{"dataType":"Sessions", "deleted":"1", "process_failed_to_decrypt":"0", "process_pending_decryption":"0", "process_success":"3", "total":"3"}}
{"logTime": "1008/175416", "correlationVector":"sGc6xUTOgLswiuF73giXCk.3","action":"ProcessGetUpdates", "result":"Done", "context":{"dataType":"History", "deleted":"0", "process_failed_to_decrypt":"0", "process_pending_decryption":"0", "process_success":"2", "total":"2"}}
{"logTime": "1008/175416", "correlationVector":"sGc6xUTOgLswiuF73giXCk.4","action":"GetUpdates Response", "result":"Success", "context":Received 5 update(s). cV=sGc6xUTOgLswiuF73giXCk.0;server=akswtt01800001d;cloudType=Consumer;environment=Prod_southindia_prod-s01-004-apac-southindia;migrationStage=NotStarted}
{"logTime": "1008/175418", "correlationVector":"Zr0yheYDvMpdERy9XPtnaa","action":"Commit Request", "result":"", "context":Item count: 5
Contributing types: Sessions, History}
{"logTime": "1008/175419", "correlationVector":"Zr0yheYDvMpdERy9XPtnaa.1","action":"SyncServerConnectionManagerRequest", "result":"SYNC_SERVER_OK", "context":{"environment":"Prod_southindia_prod-s01-004-apac-southindia", "migrationStage":"NotStarted", "server":"akswtt01800004w"}}
{"logTime": "1008/175419", "correlationVector":"Zr0yheYDvMpdERy9XPtnaa.2","action":"Commit Response", "result":"Success", "context":Result: Success. cV=Zr0yheYDvMpdERy9XPtnaa.0;server=akswtt01800004w;cloudType=Consumer;environment=Prod_southindia_prod-s01-004-apac-southindia;migrationStage=NotStarted}
{"logTime": "1008/175519", "correlationVector":"RmYm/Q+Ji+QhfSfAh7hX5F","action":"Commit Request", "result":"", "context":Item count: 3
Contributing types: Sessions, History}
{"logTime": "1008/175521", "correlationVector":"RmYm/Q+Ji+QhfSfAh7hX5F.1","action":"SyncServerConnectionManagerRequest", "result":"SYNC_SERVER_OK", "context":{"environment":"Prod_southindia_prod-s01-004-apac-southindia", "migrationStage":"NotStarted", "server":"akswtt01800000g"}}
{"logTime": "1008/175521", "correlationVector":"RmYm/Q+Ji+QhfSfAh7hX5F.3","action":"Commit.Sessions", "result":"Success", "context":{"id":"93d38fd4-21f3-498f-b2f3-806f1020a5f3", "isDeleted":"true", "size":"0", "version":"1759946058782"}}
{"logTime": "1008/175521", "correlationVector":"RmYm/Q+Ji+QhfSfAh7hX5F.2","action":"Commit Response", "result":"Success", "context":Result: Success. cV=RmYm/Q+Ji+QhfSfAh7hX5F.0;server=akswtt01800000g;cloudType=Consumer;environment=Prod_southindia_prod-s01-004-apac-southindia;migrationStage=NotStarted}
{"logTime": "1008/175838", "correlationVector":"bE+nfqPty/u2hjsWClLqxB.1","action":"SyncServerConnectionManagerRequest", "result":"SYNC_SERVER_OK", "context":{"environment":"Prod_southindia_prod-s01-004-apac-southindia", "migrationStage":"NotStarted", "server":"akswtt01800000s"}}
{"logTime": "1008/175838", "correlationVector":"bE+nfqPty/u2hjsWClLqxB.2","action":"ProcessGetUpdates", "result":"Done", "context":{"dataType":"Encryption Keys", "deleted":"0", "process_failed_to_decrypt":"0", "process_pending_decryption":"0", "process_success":"1", "total":"1"}}
{"logTime": "1008/175839", "correlationVector":"JNhu/Us58Z/Q9Yp0wszP4p","action":"SyncServerConnectionManagerRequest", "result":"SYNC_SERVER_OK", "context":{"environment":"", "migrationStage":"", "server":""}}
{"logTime": "1008/175839", "correlationVector":"JNhu/Us58Z/Q9Yp0wszP4p.0","action":"EncryptionKeysFetcher.DownloadKeys:", "result":"Success", "context":Key count: 4, Last key timestamp: 2025-06-14T07:02:07Z}
{"logTime": "1008/175839", "correlationVector":"JNhu/Us58Z/Q9Yp0wszP4p.1","action":"EncryptionKeysManager::SetEncryptionKeys:", "result":"Success", "context":Key names[4]:[nWpa4CAtLF0B3bGmwWqZBiVxdMZO6pFtBUVS0lv6aCDCoUFdmNQsl0noaRYqxgmF5/t4HyGI1Tb4ND0VE9mTsA==][yADaKj3XFHR1AisnNFd74ZUP0GnvYcFYkQE/R7cY3zvjenAJsgX3UZWxhfTfKFgA4TFXYVReOihJ9exXf0ff2Q==][MWwrvj1KLtxHaHN7rP75wMjy3Qtg8x29TSkCR3Ow7LdSBXma03fqnH7+SZhR+O5tNsrxkevXkL6Epyy5fKHUCA==][fmiXNv+oiNUsictHepyoRaWvle3sn05P1V7qOvDtsY4lzedt7mvWYIfWWQulUNrvySGoHr2ci+64kK8dR2hHQg==]}
{"logTime": "1008/175839", "correlationVector":"JNhu/Us58Z/Q9Yp0wszP4p.2","action":"EncryptionKeysManager::SetEncryptionKeysWithTimestamps:", "result":"Success", "context":Key timestamps[4]:[2023-11-28T07:17:23Z][2024-06-09T04:57:17Z][2024-12-10T02:42:49Z][2025-06-14T07:02:07Z]}
{"logTime": "1008/175839", "correlationVector":"bE+nfqPty/u2hjsWClLqxB","action":"Initial GetUpdates", "result":"", "context":Reason: NEW_CLIENT. cV=bE+nfqPty/u2hjsWClLqxB}
{"logTime": "1008/175839", "correlationVector":"bE+nfqPty/u2hjsWClLqxB.3","action":"GetUpdates Response", "result":"Success", "context":Received 1 update(s). cV=bE+nfqPty/u2hjsWClLqxB.0;server=akswtt01800000s;cloudType=Consumer;environment=Prod_southindia_prod-s01-004-apac-southindia;migrationStage=NotStarted}
{"logTime": "1008/175839", "correlationVector":"UNjIMvN47gIbWPoC2d6bgQ","action":"Initial GetUpdates", "result":"", "context":Reason: NEWLY_SUPPORTED_DATATYPE. cV=UNjIMvN47gIbWPoC2d6bgQ}
{"logTime": "1008/175845", "correlationVector":"UNjIMvN47gIbWPoC2d6bgQ.1","action":"SyncServerConnectionManagerRequest", "result":"SYNC_SERVER_OK", "context":{"environment":"Prod_southindia_prod-s01-004-apac-southindia", "migrationStage":"NotStarted", "server":"akswtt01800001d"}}
{"logTime": "1008/175845", "correlationVector":"UNjIMvN47gIbWPoC2d6bgQ.2","action":"ProcessGetUpdates", "result":"Done", "context":{"dataType":"Passwords", "deleted":"0", "process_failed_to_decrypt":"0", "process_pending_decryption":"0", "process_success":"4", "total":"4"}}
{"logTime": "1008/175845", "correlationVector":"UNjIMvN47gIbWPoC2d6bgQ.3","action":"GetUpdates Response", "result":"Success", "context":Received 4 update(s). cV=UNjIMvN47gIbWPoC2d6bgQ.0;server=akswtt01800001d;cloudType=Consumer;environment=Prod_southindia_prod-s01-004-apac-southindia;migrationStage=NotStarted}
{"logTime": "1008/175845", "correlationVector":"F/GvPgfh8DrGMxlQF5z+/V","action":"Normal GetUpdate request", "result":"", "context":cV=F/GvPgfh8DrGMxlQF5z+/V
Nudged types: Sessions, History
Refresh requested types: Bookmarks, Preferences, Passwords, Autofill Profiles, Autofill, Extensions, Sessions, Extension settings, History Delete Directives, Device Info, User Consents, Send Tab To Self, Web Apps, History, Saved Tab Group, WebAuthn Credentials, Collection, Edge E Drop, Edge Hub App Usage, Edge Wallet, Encryption Keys}
{"logTime": "1008/175846", "correlationVector":"F/GvPgfh8DrGMxlQF5z+/V.1","action":"SyncServerConnectionManagerRequest", "result":"SYNC_SERVER_OK", "context":{"environment":"Prod_southindia_prod-s01-004-apac-southindia", "migrationStage":"NotStarted", "server":"akswtt01800000s"}}
{"logTime": "1008/175846", "correlationVector":"F/GvPgfh8DrGMxlQF5z+/V.2","action":"ProcessGetUpdates", "result":"Done", "context":{"dataType":"Sessions", "deleted":"1", "process_failed_to_decrypt":"0", "process_pending_decryption":"0", "process_success":"3", "total":"3"}}
{"logTime": "1008/175846", "correlationVector":"F/GvPgfh8DrGMxlQF5z+/V.3","action":"ProcessGetUpdates", "result":"Done", "context":{"dataType":"History", "deleted":"0", "process_failed_to_decrypt":"0", "process_pending_decryption":"0", "process_success":"2", "total":"2"}}
{"logTime": "1008/175846", "correlationVector":"F/GvPgfh8DrGMxlQF5z+/V.4","action":"GetUpdates Response", "result":"Success", "context":Received 5 update(s). cV=F/GvPgfh8DrGMxlQF5z+/V.0;server=akswtt01800000s;cloudType=Consumer;environment=Prod_southindia_prod-s01-004-apac-southindia;migrationStage=NotStarted}
{"logTime": "1008/175846", "correlationVector":"/aZmIqpWbuIU7so11vlcZ3","action":"Commit Request", "result":"", "context":Item count: 5
Contributing types: Sessions, History}
{"logTime": "1008/175847", "correlationVector":"/aZmIqpWbuIU7so11vlcZ3.1","action":"SyncServerConnectionManagerRequest", "result":"SYNC_SERVER_OK", "context":{"environment":"Prod_southindia_prod-s01-004-apac-southindia", "migrationStage":"NotStarted", "server":"akswtt01800003v"}}
{"logTime": "1008/175847", "correlationVector":"/aZmIqpWbuIU7so11vlcZ3.2","action":"Commit Response", "result":"Success", "context":Result: Success. cV=/aZmIqpWbuIU7so11vlcZ3.0;server=akswtt01800003v;cloudType=Consumer;environment=Prod_southindia_prod-s01-004-apac-southindia;migrationStage=NotStarted}
{"logTime": "1008/175847", "correlationVector":"/aZmIqpWbuIU7so11vlcZ3.3","action":"Commit.Sessions", "result":"Success", "context":{"id":"bc41ea2a-b12e-4a8d-9234-f6119ab69b6a", "isDeleted":"true", "size":"0", "version":"1759946121030"}}
{"logTime": "1008/175947", "correlationVector":"dk0Qkvv1sBi6bC0V/xNEby","action":"Commit Request", "result":"", "context":Item count: 2
Contributing types: Sessions, History}
{"logTime": "1008/175949", "correlationVector":"dk0Qkvv1sBi6bC0V/xNEby.1","action":"SyncServerConnectionManagerRequest", "result":"SYNC_SERVER_OK", "context":{"environment":"Prod_southindia_prod-s01-004-apac-southindia", "migrationStage":"NotStarted", "server":"akswtt01800003j"}}
{"logTime": "1008/175949", "correlationVector":"dk0Qkvv1sBi6bC0V/xNEby.2","action":"Commit Response", "result":"Success", "context":Result: Success. cV=dk0Qkvv1sBi6bC0V/xNEby.0;server=akswtt01800003j;cloudType=Consumer;environment=Prod_southindia_prod-s01-004-apac-southindia;migrationStage=NotStarted}
{"logTime": "1008/180242", "correlationVector":"ztcwIGn5h5eFcL6oRCNgNR.1","action":"SyncServerConnectionManagerRequest", "result":"SYNC_SERVER_OK", "context":{"environment":"Prod_southindia_prod-s01-004-apac-southindia", "migrationStage":"NotStarted", "server":"akswtt01800002d"}}
{"logTime": "1008/180242", "correlationVector":"ztcwIGn5h5eFcL6oRCNgNR.2","action":"ProcessGetUpdates", "result":"Done", "context":{"dataType":"Encryption Keys", "deleted":"0", "process_failed_to_decrypt":"0", "process_pending_decryption":"0", "process_success":"1", "total":"1"}}
{"logTime": "1008/180244", "correlationVector":"RMGH1c3dmE0gZVVZFzJvR+","action":"SyncServerConnectionManagerRequest", "result":"SYNC_SERVER_OK", "context":{"environment":"", "migrationStage":"", "server":""}}
{"logTime": "1008/180244", "correlationVector":"RMGH1c3dmE0gZVVZFzJvR+.0","action":"EncryptionKeysFetcher.DownloadKeys:", "result":"Success", "context":Key count: 4, Last key timestamp: 2025-06-14T07:02:07Z}
{"logTime": "1008/180244", "correlationVector":"RMGH1c3dmE0gZVVZFzJvR+.1","action":"EncryptionKeysManager::SetEncryptionKeys:", "result":"Success", "context":Key names[4]:[nWpa4CAtLF0B3bGmwWqZBiVxdMZO6pFtBUVS0lv6aCDCoUFdmNQsl0noaRYqxgmF5/t4HyGI1Tb4ND0VE9mTsA==][yADaKj3XFHR1AisnNFd74ZUP0GnvYcFYkQE/R7cY3zvjenAJsgX3UZWxhfTfKFgA4TFXYVReOihJ9exXf0ff2Q==][MWwrvj1KLtxHaHN7rP75wMjy3Qtg8x29TSkCR3Ow7LdSBXma03fqnH7+SZhR+O5tNsrxkevXkL6Epyy5fKHUCA==][fmiXNv+oiNUsictHepyoRaWvle3sn05P1V7qOvDtsY4lzedt7mvWYIfWWQulUNrvySGoHr2ci+64kK8dR2hHQg==]}
{"logTime": "1008/180244", "correlationVector":"RMGH1c3dmE0gZVVZFzJvR+.2","action":"EncryptionKeysManager::SetEncryptionKeysWithTimestamps:", "result":"Success", "context":Key timestamps[4]:[2023-11-28T07:17:23Z][2024-06-09T04:57:17Z][2024-12-10T02:42:49Z][2025-06-14T07:02:07Z]}
{"logTime": "1008/180244", "correlationVector":"ztcwIGn5h5eFcL6oRCNgNR","action":"Initial GetUpdates", "result":"", "context":Reason: NEW_CLIENT. cV=ztcwIGn5h5eFcL6oRCNgNR}
{"logTime": "1008/180244", "correlationVector":"ztcwIGn5h5eFcL6oRCNgNR.3","action":"GetUpdates Response", "result":"Success", "context":Received 1 update(s). cV=ztcwIGn5h5eFcL6oRCNgNR.0;server=akswtt01800002d;cloudType=Consumer;environment=Prod_southindia_prod-s01-004-apac-southindia;migrationStage=NotStarted}
{"logTime": "1008/180244", "correlationVector":"y4Wp5f4S/28fmziA9r5EUo","action":"Initial GetUpdates", "result":"", "context":Reason: NEWLY_SUPPORTED_DATATYPE. cV=y4Wp5f4S/28fmziA9r5EUo}
{"logTime": "1008/180244", "correlationVector":"y4Wp5f4S/28fmziA9r5EUo.1","action":"SyncServerConnectionManagerRequest", "result":"SYNC_SERVER_OK", "context":{"environment":"Prod_southindia_prod-s01-004-apac-southindia", "migrationStage":"NotStarted", "server":"akswtt01800000y"}}
{"logTime": "1008/180244", "correlationVector":"y4Wp5f4S/28fmziA9r5EUo.2","action":"ProcessGetUpdates", "result":"Done", "context":{"dataType":"Passwords", "deleted":"0", "process_failed_to_decrypt":"0", "process_pending_decryption":"0", "process_success":"4", "total":"4"}}
{"logTime": "1008/180244", "correlationVector":"y4Wp5f4S/28fmziA9r5EUo.3","action":"GetUpdates Response", "result":"Success", "context":Received 4 update(s). cV=y4Wp5f4S/28fmziA9r5EUo.0;server=akswtt01800000y;cloudType=Consumer;environment=Prod_southindia_prod-s01-004-apac-southindia;migrationStage=NotStarted}
{"logTime": "1008/180244", "correlationVector":"oWs0ZZ3uhYxXI3PDPWkbXa","action":"Normal GetUpdate request", "result":"", "context":cV=oWs0ZZ3uhYxXI3PDPWkbXa
Nudged types: Sessions, History
Refresh requested types: Bookmarks, Preferences, Passwords, Autofill Profiles, Autofill, Extensions, Sessions, Extension settings, History Delete Directives, Device Info, User Consents, Send Tab To Self, Web Apps, History, Saved Tab Group, WebAuthn Credentials, Collection, Edge E Drop, Edge Hub App Usage, Edge Wallet, Encryption Keys}
{"logTime": "1008/180245", "correlationVector":"oWs0ZZ3uhYxXI3PDPWkbXa.1","action":"SyncServerConnectionManagerRequest", "result":"SYNC_SERVER_OK", "context":{"environment":"Prod_southindia_prod-s01-004-apac-southindia", "migrationStage":"NotStarted", "server":"akswtt01800001n"}}
{"logTime": "1008/180245", "correlationVector":"oWs0ZZ3uhYxXI3PDPWkbXa.2","action":"ProcessGetUpdates", "result":"Done", "context":{"dataType":"Sessions", "deleted":"1", "process_failed_to_decrypt":"0", "process_pending_decryption":"0", "process_success":"3", "total":"3"}}
{"logTime": "1008/180245", "correlationVector":"oWs0ZZ3uhYxXI3PDPWkbXa.3","action":"ProcessGetUpdates", "result":"Done", "context":{"dataType":"History", "deleted":"0", "process_failed_to_decrypt":"0", "process_pending_decryption":"0", "process_success":"2", "total":"2"}}
{"logTime": "1008/180245", "correlationVector":"oWs0ZZ3uhYxXI3PDPWkbXa.4","action":"GetUpdates Response", "result":"Success", "context":Received 5 update(s). cV=oWs0ZZ3uhYxXI3PDPWkbXa.0;server=akswtt01800001n;cloudType=Consumer;environment=Prod_southindia_prod-s01-004-apac-southindia;migrationStage=NotStarted}
{"logTime": "1008/180245", "correlationVector":"vWHy5vJkkRinrjKt0+w+Ke","action":"Commit Request", "result":"", "context":Item count: 5
Contributing types: Sessions, History}
{"logTime": "1008/180246", "correlationVector":"vWHy5vJkkRinrjKt0+w+Ke.1","action":"SyncServerConnectionManagerRequest", "result":"SYNC_SERVER_OK", "context":{"environment":"Prod_southindia_prod-s01-004-apac-southindia", "migrationStage":"NotStarted", "server":"akswtt018000056"}}
{"logTime": "1008/180246", "correlationVector":"vWHy5vJkkRinrjKt0+w+Ke.3","action":"Commit.Sessions", "result":"Success", "context":{"id":"36867168-49c7-4914-9ba3-914117ebdbe4", "isDeleted":"true", "size":"0", "version":"1759946388297"}}
{"logTime": "1008/180246", "correlationVector":"vWHy5vJkkRinrjKt0+w+Ke.2","action":"Commit Response", "result":"Success", "context":Result: Success. cV=vWHy5vJkkRinrjKt0+w+Ke.0;server=akswtt018000056;cloudType=Consumer;environment=Prod_southindia_prod-s01-004-apac-southindia;migrationStage=NotStarted}
{"logTime": "1008/180346", "correlationVector":"ezpv1riXRtODmSUslA+sGW","action":"Commit Request", "result":"", "context":Item count: 2
Contributing types: Sessions, History}
{"logTime": "1008/180348", "correlationVector":"ezpv1riXRtODmSUslA+sGW.1","action":"SyncServerConnectionManagerRequest", "result":"SYNC_SERVER_OK", "context":{"environment":"Prod_southindia_prod-s01-004-apac-southindia", "migrationStage":"NotStarted", "server":"akswtt01800005l"}}
{"logTime": "1008/180348", "correlationVector":"ezpv1riXRtODmSUslA+sGW.2","action":"Commit Response", "result":"Success", "context":Result: Success. cV=ezpv1riXRtODmSUslA+sGW.0;server=akswtt01800005l;cloudType=Consumer;environment=Prod_southindia_prod-s01-004-apac-southindia;migrationStage=NotStarted}
{"logTime": "1008/180645", "correlationVector":"b7/gdwTaARjuc0jSMe4eyW.1","action":"SyncServerConnectionManagerRequest", "result":"SYNC_SERVER_OK", "context":{"environment":"Prod_southindia_prod-s01-004-apac-southindia", "migrationStage":"NotStarted", "server":"akswtt01800003m"}}
{"logTime": "1008/180645", "correlationVector":"b7/gdwTaARjuc0jSMe4eyW.2","action":"ProcessGetUpdates", "result":"Done", "context":{"dataType":"Encryption Keys", "deleted":"0", "process_failed_to_decrypt":"0", "process_pending_decryption":"0", "process_success":"1", "total":"1"}}
{"logTime": "1008/180649", "correlationVector":"R3VJcwP54X+74t9IYgj7qm","action":"SyncServerConnectionManagerRequest", "result":"SYNC_SERVER_OK", "context":{"environment":"", "migrationStage":"", "server":""}}
{"logTime": "1008/180649", "correlationVector":"R3VJcwP54X+74t9IYgj7qm.0","action":"EncryptionKeysFetcher.DownloadKeys:", "result":"Success", "context":Key count: 4, Last key timestamp: 2025-06-14T07:02:07Z}
{"logTime": "1008/180649", "correlationVector":"R3VJcwP54X+74t9IYgj7qm.1","action":"EncryptionKeysManager::SetEncryptionKeys:", "result":"Success", "context":Key names[4]:[nWpa4CAtLF0B3bGmwWqZBiVxdMZO6pFtBUVS0lv6aCDCoUFdmNQsl0noaRYqxgmF5/t4HyGI1Tb4ND0VE9mTsA==][yADaKj3XFHR1AisnNFd74ZUP0GnvYcFYkQE/R7cY3zvjenAJsgX3UZWxhfTfKFgA4TFXYVReOihJ9exXf0ff2Q==][MWwrvj1KLtxHaHN7rP75wMjy3Qtg8x29TSkCR3Ow7LdSBXma03fqnH7+SZhR+O5tNsrxkevXkL6Epyy5fKHUCA==][fmiXNv+oiNUsictHepyoRaWvle3sn05P1V7qOvDtsY4lzedt7mvWYIfWWQulUNrvySGoHr2ci+64kK8dR2hHQg==]}
{"logTime": "1008/180649", "correlationVector":"R3VJcwP54X+74t9IYgj7qm.2","action":"EncryptionKeysManager::SetEncryptionKeysWithTimestamps:", "result":"Success", "context":Key timestamps[4]:[2023-11-28T07:17:23Z][2024-06-09T04:57:17Z][2024-12-10T02:42:49Z][2025-06-14T07:02:07Z]}
{"logTime": "1008/180649", "correlationVector":"b7/gdwTaARjuc0jSMe4eyW","action":"Initial GetUpdates", "result":"", "context":Reason: NEW_CLIENT. cV=b7/gdwTaARjuc0jSMe4eyW}
{"logTime": "1008/180649", "correlationVector":"b7/gdwTaARjuc0jSMe4eyW.3","action":"GetUpdates Response", "result":"Success", "context":Received 1 update(s). cV=b7/gdwTaARjuc0jSMe4eyW.0;server=akswtt01800003m;cloudType=Consumer;environment=Prod_southindia_prod-s01-004-apac-southindia;migrationStage=NotStarted}
{"logTime": "1008/180649", "correlationVector":"TvQ6ZAG9hD1vJJJ6FbDmml","action":"Initial GetUpdates", "result":"", "context":Reason: NEWLY_SUPPORTED_DATATYPE. cV=TvQ6ZAG9hD1vJJJ6FbDmml}
{"logTime": "1008/180650", "correlationVector":"TvQ6ZAG9hD1vJJJ6FbDmml.1","action":"SyncServerConnectionManagerRequest", "result":"SYNC_SERVER_OK", "context":{"environment":"Prod_southindia_prod-s01-004-apac-southindia", "migrationStage":"NotStarted", "server":"akswtt01800005e"}}
{"logTime": "1008/180650", "correlationVector":"TvQ6ZAG9hD1vJJJ6FbDmml.2","action":"ProcessGetUpdates", "result":"Done", "context":{"dataType":"Passwords", "deleted":"0", "process_failed_to_decrypt":"0", "process_pending_decryption":"0", "process_success":"4", "total":"4"}}
{"logTime": "1008/180650", "correlationVector":"TvQ6ZAG9hD1vJJJ6FbDmml.3","action":"GetUpdates Response", "result":"Success", "context":Received 4 update(s). cV=TvQ6ZAG9hD1vJJJ6FbDmml.0;server=akswtt01800005e;cloudType=Consumer;environment=Prod_southindia_prod-s01-004-apac-southindia;migrationStage=NotStarted}
{"logTime": "1008/180650", "correlationVector":"I/FpRUsG8tYiLvemio3iB6","action":"Normal GetUpdate request", "result":"", "context":cV=I/FpRUsG8tYiLvemio3iB6
Nudged types: Sessions, History
Refresh requested types: Bookmarks, Preferences, Passwords, Autofill Profiles, Autofill, Extensions, Sessions, Extension settings, History Delete Directives, Device Info, User Consents, Send Tab To Self, Web Apps, History, Saved Tab Group, WebAuthn Credentials, Collection, Edge E Drop, Edge Hub App Usage, Edge Wallet, Encryption Keys}
{"logTime": "1008/180651", "correlationVector":"I/FpRUsG8tYiLvemio3iB6.1","action":"SyncServerConnectionManagerRequest", "result":"SYNC_SERVER_OK", "context":{"environment":"Prod_southindia_prod-s01-004-apac-southindia", "migrationStage":"NotStarted", "server":"akswtt018000064"}}
{"logTime": "1008/180651", "correlationVector":"I/FpRUsG8tYiLvemio3iB6.2","action":"ProcessGetUpdates", "result":"Done", "context":{"dataType":"Sessions", "deleted":"1", "process_failed_to_decrypt":"0", "process_pending_decryption":"0", "process_success":"3", "total":"3"}}
{"logTime": "1008/180651", "correlationVector":"I/FpRUsG8tYiLvemio3iB6.3","action":"ProcessGetUpdates", "result":"Done", "context":{"dataType":"History", "deleted":"0", "process_failed_to_decrypt":"0", "process_pending_decryption":"0", "process_success":"2", "total":"2"}}
{"logTime": "1008/180651", "correlationVector":"I/FpRUsG8tYiLvemio3iB6.4","action":"GetUpdates Response", "result":"Success", "context":Received 5 update(s). cV=I/FpRUsG8tYiLvemio3iB6.0;server=akswtt018000064;cloudType=Consumer;environment=Prod_southindia_prod-s01-004-apac-southindia;migrationStage=NotStarted}
{"logTime": "1008/180651", "correlationVector":"EtzPXdH4Sihz7xhBcMgphf","action":"Commit Request", "result":"", "context":Item count: 5
Contributing types: Sessions, History}
{"logTime": "1008/180652", "correlationVector":"EtzPXdH4Sihz7xhBcMgphf.1","action":"SyncServerConnectionManagerRequest", "result":"SYNC_SERVER_OK", "context":{"environment":"Prod_southindia_prod-s01-004-apac-southindia", "migrationStage":"NotStarted", "server":"akswtt01800000k"}}
{"logTime": "1008/180652", "correlationVector":"EtzPXdH4Sihz7xhBcMgphf.2","action":"Commit Response", "result":"Success", "context":Result: Success. cV=EtzPXdH4Sihz7xhBcMgphf.0;server=akswtt01800000k;cloudType=Consumer;environment=Prod_southindia_prod-s01-004-apac-southindia;migrationStage=NotStarted}
{"logTime": "1008/180652", "correlationVector":"EtzPXdH4Sihz7xhBcMgphf.3","action":"Commit.Sessions", "result":"Success", "context":{"id":"4d3f3026-890d-41cb-a56f-18cd239ee46c", "isDeleted":"true", "size":"0", "version":"1759946627229"}}
{"logTime": "1008/180752", "correlationVector":"IYpTURIr5QrUD2wWRQy4M9","action":"Commit Request", "result":"", "context":Item count: 2
Contributing types: Sessions, History}
{"logTime": "1008/180753", "correlationVector":"IYpTURIr5QrUD2wWRQy4M9.1","action":"SyncServerConnectionManagerRequest", "result":"SYNC_SERVER_OK", "context":{"environment":"Prod_southindia_prod-s01-004-apac-southindia", "migrationStage":"NotStarted", "server":"akswtt01800003m"}}
{"logTime": "1008/180753", "correlationVector":"IYpTURIr5QrUD2wWRQy4M9.2","action":"Commit Response", "result":"Success", "context":Result: Success. cV=IYpTURIr5QrUD2wWRQy4M9.0;server=akswtt01800003m;cloudType=Consumer;environment=Prod_southindia_prod-s01-004-apac-southindia;migrationStage=NotStarted}
{"logTime": "1008/181531", "correlationVector":"yhl95/xLg5gZjVKcUxM9bS.1","action":"SyncServerConnectionManagerRequest", "result":"SYNC_SERVER_OK", "context":{"environment":"Prod_southindia_prod-s01-004-apac-southindia", "migrationStage":"NotStarted", "server":"akswtt018000053"}}
{"logTime": "1008/181531", "correlationVector":"yhl95/xLg5gZjVKcUxM9bS.2","action":"ProcessGetUpdates", "result":"Done", "context":{"dataType":"Encryption Keys", "deleted":"0", "process_failed_to_decrypt":"0", "process_pending_decryption":"0", "process_success":"1", "total":"1"}}
{"logTime": "1008/181532", "correlationVector":"RiPsbHMWT7uhDtIyYosncy","action":"SyncServerConnectionManagerRequest", "result":"SYNC_SERVER_OK", "context":{"environment":"", "migrationStage":"", "server":""}}
{"logTime": "1008/181532", "correlationVector":"RiPsbHMWT7uhDtIyYosncy.0","action":"EncryptionKeysFetcher.DownloadKeys:", "result":"Success", "context":Key count: 4, Last key timestamp: 2025-06-14T07:02:07Z}
{"logTime": "1008/181532", "correlationVector":"RiPsbHMWT7uhDtIyYosncy.1","action":"EncryptionKeysManager::SetEncryptionKeys:", "result":"Success", "context":Key names[4]:[nWpa4CAtLF0B3bGmwWqZBiVxdMZO6pFtBUVS0lv6aCDCoUFdmNQsl0noaRYqxgmF5/t4HyGI1Tb4ND0VE9mTsA==][yADaKj3XFHR1AisnNFd74ZUP0GnvYcFYkQE/R7cY3zvjenAJsgX3UZWxhfTfKFgA4TFXYVReOihJ9exXf0ff2Q==][MWwrvj1KLtxHaHN7rP75wMjy3Qtg8x29TSkCR3Ow7LdSBXma03fqnH7+SZhR+O5tNsrxkevXkL6Epyy5fKHUCA==][fmiXNv+oiNUsictHepyoRaWvle3sn05P1V7qOvDtsY4lzedt7mvWYIfWWQulUNrvySGoHr2ci+64kK8dR2hHQg==]}
{"logTime": "1008/181532", "correlationVector":"RiPsbHMWT7uhDtIyYosncy.2","action":"EncryptionKeysManager::SetEncryptionKeysWithTimestamps:", "result":"Success", "context":Key timestamps[4]:[2023-11-28T07:17:23Z][2024-06-09T04:57:17Z][2024-12-10T02:42:49Z][2025-06-14T07:02:07Z]}
{"logTime": "1008/181532", "correlationVector":"yhl95/xLg5gZjVKcUxM9bS","action":"Initial GetUpdates", "result":"", "context":Reason: NEW_CLIENT. cV=yhl95/xLg5gZjVKcUxM9bS}
{"logTime": "1008/181532", "correlationVector":"yhl95/xLg5gZjVKcUxM9bS.3","action":"GetUpdates Response", "result":"Success", "context":Received 1 update(s). cV=yhl95/xLg5gZjVKcUxM9bS.0;server=akswtt018000053;cloudType=Consumer;environment=Prod_southindia_prod-s01-004-apac-southindia;migrationStage=NotStarted}
{"logTime": "1008/181532", "correlationVector":"lNTFlAkNFKvPtajGI+V8QZ","action":"Initial GetUpdates", "result":"", "context":Reason: NEWLY_SUPPORTED_DATATYPE. cV=lNTFlAkNFKvPtajGI+V8QZ}
{"logTime": "1008/181533", "correlationVector":"lNTFlAkNFKvPtajGI+V8QZ.1","action":"SyncServerConnectionManagerRequest", "result":"SYNC_SERVER_OK", "context":{"environment":"Prod_southindia_prod-s01-004-apac-southindia", "migrationStage":"NotStarted", "server":"akswtt01800001y"}}
{"logTime": "1008/181533", "correlationVector":"lNTFlAkNFKvPtajGI+V8QZ.2","action":"ProcessGetUpdates", "result":"Done", "context":{"dataType":"Passwords", "deleted":"0", "process_failed_to_decrypt":"0", "process_pending_decryption":"0", "process_success":"4", "total":"4"}}
{"logTime": "1008/181533", "correlationVector":"lNTFlAkNFKvPtajGI+V8QZ.3","action":"GetUpdates Response", "result":"Success", "context":Received 4 update(s). cV=lNTFlAkNFKvPtajGI+V8QZ.0;server=akswtt01800001y;cloudType=Consumer;environment=Prod_southindia_prod-s01-004-apac-southindia;migrationStage=NotStarted}
{"logTime": "1008/181533", "correlationVector":"86hpwfRhatNnDnj5z7LO1F","action":"Normal GetUpdate request", "result":"", "context":cV=86hpwfRhatNnDnj5z7LO1F
Nudged types: Sessions, History
Refresh requested types: Bookmarks, Preferences, Passwords, Autofill Profiles, Autofill, Extensions, Sessions, Extension settings, History Delete Directives, Device Info, User Consents, Send Tab To Self, Web Apps, History, Saved Tab Group, WebAuthn Credentials, Collection, Edge E Drop, Edge Hub App Usage, Edge Wallet, Encryption Keys}
{"logTime": "1008/181533", "correlationVector":"86hpwfRhatNnDnj5z7LO1F.1","action":"SyncServerConnectionManagerRequest", "result":"SYNC_SERVER_OK", "context":{"environment":"Prod_southindia_prod-s01-004-apac-southindia", "migrationStage":"NotStarted", "server":"akswtt01800002r"}}
{"logTime": "1008/181533", "correlationVector":"86hpwfRhatNnDnj5z7LO1F.2","action":"ProcessGetUpdates", "result":"Done", "context":{"dataType":"Sessions", "deleted":"1", "process_failed_to_decrypt":"0", "process_pending_decryption":"0", "process_success":"3", "total":"3"}}
{"logTime": "1008/181533", "correlationVector":"86hpwfRhatNnDnj5z7LO1F.3","action":"ProcessGetUpdates", "result":"Done", "context":{"dataType":"History", "deleted":"0", "process_failed_to_decrypt":"0", "process_pending_decryption":"0", "process_success":"2", "total":"2"}}
{"logTime": "1008/181533", "correlationVector":"86hpwfRhatNnDnj5z7LO1F.4","action":"GetUpdates Response", "result":"Success", "context":Received 5 update(s). cV=86hpwfRhatNnDnj5z7LO1F.0;server=akswtt01800002r;cloudType=Consumer;environment=Prod_southindia_prod-s01-004-apac-southindia;migrationStage=NotStarted}
{"logTime": "1008/181533", "correlationVector":"dkSZJH3cb4vOffvD92PcrW","action":"Commit Request", "result":"", "context":Item count: 4
Contributing types: Sessions, History}
{"logTime": "1008/181534", "correlationVector":"dkSZJH3cb4vOffvD92PcrW.1","action":"SyncServerConnectionManagerRequest", "result":"SYNC_SERVER_OK", "context":{"environment":"Prod_southindia_prod-s01-004-apac-southindia", "migrationStage":"NotStarted", "server":"akswtt01800005l"}}
{"logTime": "1008/181534", "correlationVector":"dkSZJH3cb4vOffvD92PcrW.2","action":"Commit Response", "result":"Success", "context":Result: Success. cV=dkSZJH3cb4vOffvD92PcrW.0;server=akswtt01800005l;cloudType=Consumer;environment=Prod_southindia_prod-s01-004-apac-southindia;migrationStage=NotStarted}
{"logTime": "1008/181634", "correlationVector":"iKoQ48G5AweA+wJDH7tfc5","action":"Commit Request", "result":"", "context":Item count: 3
Contributing types: Sessions, History}
{"logTime": "1008/181635", "correlationVector":"iKoQ48G5AweA+wJDH7tfc5.1","action":"SyncServerConnectionManagerRequest", "result":"SYNC_SERVER_OK", "context":{"environment":"Prod_southindia_prod-s01-004-apac-southindia", "migrationStage":"NotStarted", "server":"akswtt018000052"}}
{"logTime": "1008/181635", "correlationVector":"iKoQ48G5AweA+wJDH7tfc5.3","action":"Commit.Sessions", "result":"Success", "context":{"id":"49df7f92-9690-4f0a-8f8d-580a199d4850", "isDeleted":"true", "size":"0", "version":"1759947333653"}}
{"logTime": "1008/181635", "correlationVector":"iKoQ48G5AweA+wJDH7tfc5.2","action":"Commit Response", "result":"Success", "context":Result: Success. cV=iKoQ48G5AweA+wJDH7tfc5.0;server=akswtt018000052;cloudType=Consumer;environment=Prod_southindia_prod-s01-004-apac-southindia;migrationStage=NotStarted}
{"logTime": "1008/182201", "correlationVector":"1qxsgxPAMr0NxVBGr/yImr.1","action":"SyncServerConnectionManagerRequest", "result":"SYNC_SERVER_OK", "context":{"environment":"Prod_southindia_prod-s01-004-apac-southindia", "migrationStage":"NotStarted", "server":"akswtt018000057"}}
{"logTime": "1008/182201", "correlationVector":"1qxsgxPAMr0NxVBGr/yImr.2","action":"ProcessGetUpdates", "result":"Done", "context":{"dataType":"Encryption Keys", "deleted":"0", "process_failed_to_decrypt":"0", "process_pending_decryption":"0", "process_success":"1", "total":"1"}}
{"logTime": "1008/182202", "correlationVector":"go8Y9oc7PHASL/0Z+rxk9N","action":"SyncServerConnectionManagerRequest", "result":"SYNC_SERVER_OK", "context":{"environment":"", "migrationStage":"", "server":""}}
{"logTime": "1008/182202", "correlationVector":"go8Y9oc7PHASL/0Z+rxk9N.0","action":"EncryptionKeysFetcher.DownloadKeys:", "result":"Success", "context":Key count: 4, Last key timestamp: 2025-06-14T07:02:07Z}
{"logTime": "1008/182202", "correlationVector":"go8Y9oc7PHASL/0Z+rxk9N.1","action":"EncryptionKeysManager::SetEncryptionKeys:", "result":"Success", "context":Key names[4]:[nWpa4CAtLF0B3bGmwWqZBiVxdMZO6pFtBUVS0lv6aCDCoUFdmNQsl0noaRYqxgmF5/t4HyGI1Tb4ND0VE9mTsA==][yADaKj3XFHR1AisnNFd74ZUP0GnvYcFYkQE/R7cY3zvjenAJsgX3UZWxhfTfKFgA4TFXYVReOihJ9exXf0ff2Q==][MWwrvj1KLtxHaHN7rP75wMjy3Qtg8x29TSkCR3Ow7LdSBXma03fqnH7+SZhR+O5tNsrxkevXkL6Epyy5fKHUCA==][fmiXNv+oiNUsictHepyoRaWvle3sn05P1V7qOvDtsY4lzedt7mvWYIfWWQulUNrvySGoHr2ci+64kK8dR2hHQg==]}
{"logTime": "1008/182202", "correlationVector":"go8Y9oc7PHASL/0Z+rxk9N.2","action":"EncryptionKeysManager::SetEncryptionKeysWithTimestamps:", "result":"Success", "context":Key timestamps[4]:[2023-11-28T07:17:23Z][2024-06-09T04:57:17Z][2024-12-10T02:42:49Z][2025-06-14T07:02:07Z]}
{"logTime": "1008/182202", "correlationVector":"1qxsgxPAMr0NxVBGr/yImr","action":"Initial GetUpdates", "result":"", "context":Reason: NEW_CLIENT. cV=1qxsgxPAMr0NxVBGr/yImr}
{"logTime": "1008/182202", "correlationVector":"1qxsgxPAMr0NxVBGr/yImr.3","action":"GetUpdates Response", "result":"Success", "context":Received 1 update(s). cV=1qxsgxPAMr0NxVBGr/yImr.0;server=akswtt018000057;cloudType=Consumer;environment=Prod_southindia_prod-s01-004-apac-southindia;migrationStage=NotStarted}
{"logTime": "1008/182202", "correlationVector":"NBPVym9OduLJEDKkZatuXR","action":"Initial GetUpdates", "result":"", "context":Reason: NEWLY_SUPPORTED_DATATYPE. cV=NBPVym9OduLJEDKkZatuXR}
{"logTime": "1008/182203", "correlationVector":"NBPVym9OduLJEDKkZatuXR.1","action":"SyncServerConnectionManagerRequest", "result":"SYNC_SERVER_OK", "context":{"environment":"Prod_southindia_prod-s01-004-apac-southindia", "migrationStage":"NotStarted", "server":"akswtt01800005f"}}
{"logTime": "1008/182203", "correlationVector":"NBPVym9OduLJEDKkZatuXR.2","action":"ProcessGetUpdates", "result":"Done", "context":{"dataType":"Preferences", "deleted":"0", "process_failed_to_decrypt":"0", "process_pending_decryption":"0", "process_success":"58", "total":"58"}}
{"logTime": "1008/182203", "correlationVector":"NBPVym9OduLJEDKkZatuXR.3","action":"ProcessGetUpdates", "result":"Done", "context":{"dataType":"Passwords", "deleted":"0", "process_failed_to_decrypt":"0", "process_pending_decryption":"0", "process_success":"4", "total":"4"}}
{"logTime": "1008/182203", "correlationVector":"NBPVym9OduLJEDKkZatuXR.4","action":"ProcessGetUpdates", "result":"Done", "context":{"dataType":"Device Info", "deleted":"0", "process_failed_to_decrypt":"0", "process_pending_decryption":"0", "process_success":"4", "total":"4"}}
{"logTime": "1008/182203", "correlationVector":"NBPVym9OduLJEDKkZatuXR.5","action":"GetUpdates Response", "result":"Success", "context":Received 66 update(s). cV=NBPVym9OduLJEDKkZatuXR.0;server=akswtt01800005f;cloudType=Consumer;environment=Prod_southindia_prod-s01-004-apac-southindia;migrationStage=NotStarted}
{"logTime": "1008/182203", "correlationVector":"OCGWWPPrK7Ex6Hk/qoDxLG","action":"Initial GetUpdates", "result":"", "context":Reason: NEWLY_SUPPORTED_DATATYPE. cV=OCGWWPPrK7Ex6Hk/qoDxLG}
{"logTime": "1008/182204", "correlationVector":"OCGWWPPrK7Ex6Hk/qoDxLG.1","action":"SyncServerConnectionManagerRequest", "result":"SYNC_SERVER_OK", "context":{"environment":"Prod_southindia_prod-s01-004-apac-southindia", "migrationStage":"NotStarted", "server":"akswtt01800002f"}}
{"logTime": "1008/182204", "correlationVector":"OCGWWPPrK7Ex6Hk/qoDxLG.2","action":"ProcessGetUpdates", "result":"Done", "context":{"dataType":"Sessions", "deleted":"25", "process_failed_to_decrypt":"0", "process_pending_decryption":"0", "process_success":"33", "total":"33"}}
{"logTime": "1008/182204", "correlationVector":"OCGWWPPrK7Ex6Hk/qoDxLG.3","action":"ProcessGetUpdates", "result":"Done", "context":{"dataType":"Edge Hub App Usage", "deleted":"0", "process_failed_to_decrypt":"0", "process_pending_decryption":"0", "process_success":"2", "total":"2"}}
{"logTime": "1008/182204", "correlationVector":"OCGWWPPrK7Ex6Hk/qoDxLG.4","action":"GetUpdates Response", "result":"Success", "context":Received 35 update(s). cV=OCGWWPPrK7Ex6Hk/qoDxLG.0;server=akswtt01800002f;cloudType=Consumer;environment=Prod_southindia_prod-s01-004-apac-southindia;migrationStage=NotStarted}
{"logTime": "1008/182204", "correlationVector":"swYYWkm3IVURyCVdXOPbIQ","action":"Normal GetUpdate request", "result":"", "context":cV=swYYWkm3IVURyCVdXOPbIQ
Nudged types: Sessions, Device Info, History
Refresh requested types: Bookmarks, Preferences, Passwords, Autofill Profiles, Autofill, Extensions, Sessions, Extension settings, History Delete Directives, Device Info, User Consents, Send Tab To Self, Web Apps, History, Saved Tab Group, WebAuthn Credentials, Collection, Edge E Drop, Edge Hub App Usage, Edge Wallet, Encryption Keys}
{"logTime": "1008/182204", "correlationVector":"swYYWkm3IVURyCVdXOPbIQ.1","action":"SyncServerConnectionManagerRequest", "result":"SYNC_SERVER_OK", "context":{"environment":"Prod_southindia_prod-s01-004-apac-southindia", "migrationStage":"NotStarted", "server":"akswtt018000053"}}
{"logTime": "1008/182204", "correlationVector":"swYYWkm3IVURyCVdXOPbIQ.2","action":"ProcessGetUpdates", "result":"Done", "context":{"dataType":"History", "deleted":"0", "process_failed_to_decrypt":"0", "process_pending_decryption":"0", "process_success":"2", "total":"2"}}
{"logTime": "1008/182204", "correlationVector":"swYYWkm3IVURyCVdXOPbIQ.3","action":"GetUpdates Response", "result":"Success", "context":Received 2 update(s). cV=swYYWkm3IVURyCVdXOPbIQ.0;server=akswtt018000053;cloudType=Consumer;environment=Prod_southindia_prod-s01-004-apac-southindia;migrationStage=NotStarted}
{"logTime": "1008/182204", "correlationVector":"VIbL7Ps696/xAESfyT4aoR","action":"Commit Request", "result":"", "context":Item count: 4
Contributing types: Sessions, Device Info, History}
{"logTime": "1008/182206", "correlationVector":"VIbL7Ps696/xAESfyT4aoR.1","action":"SyncServerConnectionManagerRequest", "result":"SYNC_SERVER_OK", "context":{"environment":"Prod_southindia_prod-s01-004-apac-southindia", "migrationStage":"NotStarted", "server":"akswtt01800000k"}}
{"logTime": "1008/182206", "correlationVector":"VIbL7Ps696/xAESfyT4aoR.2","action":"Commit Response", "result":"Success", "context":Result: Success. cV=VIbL7Ps696/xAESfyT4aoR.0;server=akswtt01800000k;cloudType=Consumer;environment=Prod_southindia_prod-s01-004-apac-southindia;migrationStage=NotStarted}
{"logTime": "1008/182206", "correlationVector":"fao/1UNO568YflJjf7IulR","action":"Commit Request", "result":"", "context":Item count: 2
Contributing types: Sessions, History}
{"logTime": "1008/182207", "correlationVector":"fao/1UNO568YflJjf7IulR.1","action":"SyncServerConnectionManagerRequest", "result":"SYNC_SERVER_OK", "context":{"environment":"Prod_southindia_prod-s01-004-apac-southindia", "migrationStage":"NotStarted", "server":"akswtt018000066"}}
{"logTime": "1008/182207", "correlationVector":"fao/1UNO568YflJjf7IulR.2","action":"Commit Response", "result":"Success", "context":Result: Success. cV=fao/1UNO568YflJjf7IulR.0;server=akswtt018000066;cloudType=Consumer;environment=Prod_southindia_prod-s01-004-apac-southindia;migrationStage=NotStarted}
{"logTime": "1008/182320", "correlationVector":"xOsKQrhuqkjJRlIACg4UYv","action":"Commit Request", "result":"", "context":Item count: 2
Contributing types: Sessions, History}
{"logTime": "1008/182322", "correlationVector":"xOsKQrhuqkjJRlIACg4UYv.1","action":"SyncServerConnectionManagerRequest", "result":"SYNC_SERVER_OK", "context":{"environment":"Prod_southindia_prod-s01-004-apac-southindia", "migrationStage":"NotStarted", "server":"akswtt01800000s"}}
{"logTime": "1008/182322", "correlationVector":"xOsKQrhuqkjJRlIACg4UYv.2","action":"Commit Response", "result":"Success", "context":Result: Success. cV=xOsKQrhuqkjJRlIACg4UYv.0;server=akswtt01800000s;cloudType=Consumer;environment=Prod_southindia_prod-s01-004-apac-southindia;migrationStage=NotStarted}
{"logTime": "1008/182530", "correlationVector":"/dSs80cX8U+cvld7cUFpGe.1","action":"SyncServerConnectionManagerRequest", "result":"SYNC_SERVER_OK", "context":{"environment":"Prod_southindia_prod-s01-004-apac-southindia", "migrationStage":"NotStarted", "server":"akswtt018000061"}}
{"logTime": "1008/182530", "correlationVector":"/dSs80cX8U+cvld7cUFpGe.2","action":"ProcessGetUpdates", "result":"Done", "context":{"dataType":"Encryption Keys", "deleted":"0", "process_failed_to_decrypt":"0", "process_pending_decryption":"0", "process_success":"1", "total":"1"}}
{"logTime": "1008/182532", "correlationVector":"PPSZm3OsB3t9iQtgkk/XlT","action":"SyncServerConnectionManagerRequest", "result":"SYNC_SERVER_OK", "context":{"environment":"", "migrationStage":"", "server":""}}
{"logTime": "1008/182532", "correlationVector":"PPSZm3OsB3t9iQtgkk/XlT.0","action":"EncryptionKeysFetcher.DownloadKeys:", "result":"Success", "context":Key count: 4, Last key timestamp: 2025-06-14T07:02:07Z}
{"logTime": "1008/182532", "correlationVector":"PPSZm3OsB3t9iQtgkk/XlT.1","action":"EncryptionKeysManager::SetEncryptionKeys:", "result":"Success", "context":Key names[4]:[nWpa4CAtLF0B3bGmwWqZBiVxdMZO6pFtBUVS0lv6aCDCoUFdmNQsl0noaRYqxgmF5/t4HyGI1Tb4ND0VE9mTsA==][yADaKj3XFHR1AisnNFd74ZUP0GnvYcFYkQE/R7cY3zvjenAJsgX3UZWxhfTfKFgA4TFXYVReOihJ9exXf0ff2Q==][MWwrvj1KLtxHaHN7rP75wMjy3Qtg8x29TSkCR3Ow7LdSBXma03fqnH7+SZhR+O5tNsrxkevXkL6Epyy5fKHUCA==][fmiXNv+oiNUsictHepyoRaWvle3sn05P1V7qOvDtsY4lzedt7mvWYIfWWQulUNrvySGoHr2ci+64kK8dR2hHQg==]}
{"logTime": "1008/182532", "correlationVector":"PPSZm3OsB3t9iQtgkk/XlT.2","action":"EncryptionKeysManager::SetEncryptionKeysWithTimestamps:", "result":"Success", "context":Key timestamps[4]:[2023-11-28T07:17:23Z][2024-06-09T04:57:17Z][2024-12-10T02:42:49Z][2025-06-14T07:02:07Z]}
{"logTime": "1008/182532", "correlationVector":"/dSs80cX8U+cvld7cUFpGe","action":"Initial GetUpdates", "result":"", "context":Reason: NEW_CLIENT. cV=/dSs80cX8U+cvld7cUFpGe}
{"logTime": "1008/182532", "correlationVector":"/dSs80cX8U+cvld7cUFpGe.3","action":"GetUpdates Response", "result":"Success", "context":Received 1 update(s). cV=/dSs80cX8U+cvld7cUFpGe.0;server=akswtt018000061;cloudType=Consumer;environment=Prod_southindia_prod-s01-004-apac-southindia;migrationStage=NotStarted}
{"logTime": "1008/182532", "correlationVector":"vVact8MYyaezZQ9Hxd9+Yr","action":"Initial GetUpdates", "result":"", "context":Reason: NEWLY_SUPPORTED_DATATYPE. cV=vVact8MYyaezZQ9Hxd9+Yr}
{"logTime": "1008/182533", "correlationVector":"vVact8MYyaezZQ9Hxd9+Yr.1","action":"SyncServerConnectionManagerRequest", "result":"SYNC_SERVER_OK", "context":{"environment":"Prod_southindia_prod-s01-004-apac-southindia", "migrationStage":"NotStarted", "server":"akswtt01800004x"}}
{"logTime": "1008/182533", "correlationVector":"vVact8MYyaezZQ9Hxd9+Yr.2","action":"ProcessGetUpdates", "result":"Done", "context":{"dataType":"Passwords", "deleted":"0", "process_failed_to_decrypt":"0", "process_pending_decryption":"0", "process_success":"4", "total":"4"}}
{"logTime": "1008/182533", "correlationVector":"vVact8MYyaezZQ9Hxd9+Yr.3","action":"GetUpdates Response", "result":"Success", "context":Received 4 update(s). cV=vVact8MYyaezZQ9Hxd9+Yr.0;server=akswtt01800004x;cloudType=Consumer;environment=Prod_southindia_prod-s01-004-apac-southindia;migrationStage=NotStarted}
{"logTime": "1008/182533", "correlationVector":"PcAeLSec1EBbsOJz/6CpqK","action":"Normal GetUpdate request", "result":"", "context":cV=PcAeLSec1EBbsOJz/6CpqK
Nudged types: Sessions, History
Refresh requested types: Bookmarks, Preferences, Passwords, Autofill Profiles, Autofill, Extensions, Sessions, Extension settings, History Delete Directives, Device Info, User Consents, Send Tab To Self, Web Apps, History, Saved Tab Group, WebAuthn Credentials, Collection, Edge E Drop, Edge Hub App Usage, Edge Wallet, Encryption Keys}
{"logTime": "1008/182534", "correlationVector":"PcAeLSec1EBbsOJz/6CpqK.1","action":"SyncServerConnectionManagerRequest", "result":"SYNC_SERVER_OK", "context":{"environment":"Prod_southindia_prod-s01-004-apac-southindia", "migrationStage":"NotStarted", "server":"akswtt01800003t"}}
{"logTime": "1008/182534", "correlationVector":"PcAeLSec1EBbsOJz/6CpqK.2","action":"ProcessGetUpdates", "result":"Done", "context":{"dataType":"Sessions", "deleted":"0", "process_failed_to_decrypt":"0", "process_pending_decryption":"0", "process_success":"2", "total":"2"}}
{"logTime": "1008/182534", "correlationVector":"PcAeLSec1EBbsOJz/6CpqK.3","action":"ProcessGetUpdates", "result":"Done", "context":{"dataType":"Device Info", "deleted":"0", "process_failed_to_decrypt":"0", "process_pending_decryption":"0", "process_success":"1", "total":"1"}}
{"logTime": "1008/182534", "correlationVector":"PcAeLSec1EBbsOJz/6CpqK.4","action":"ProcessGetUpdates", "result":"Done", "context":{"dataType":"History", "deleted":"0", "process_failed_to_decrypt":"0", "process_pending_decryption":"0", "process_success":"2", "total":"2"}}
{"logTime": "1008/182534", "correlationVector":"PcAeLSec1EBbsOJz/6CpqK.5","action":"GetUpdates Response", "result":"Success", "context":Received 5 update(s). cV=PcAeLSec1EBbsOJz/6CpqK.0;server=akswtt01800003t;cloudType=Consumer;environment=Prod_southindia_prod-s01-004-apac-southindia;migrationStage=NotStarted}
{"logTime": "1008/182535", "correlationVector":"HyDgY07GQ73TzHMFw03vR/","action":"Commit Request", "result":"", "context":Item count: 5
Contributing types: Sessions, History}
{"logTime": "1008/182536", "correlationVector":"HyDgY07GQ73TzHMFw03vR/.1","action":"SyncServerConnectionManagerRequest", "result":"SYNC_SERVER_OK", "context":{"environment":"Prod_southindia_prod-s01-004-apac-southindia", "migrationStage":"NotStarted", "server":"akswtt01800005f"}}
{"logTime": "1008/182536", "correlationVector":"HyDgY07GQ73TzHMFw03vR/.3","action":"Commit.Sessions", "result":"Success", "context":{"id":"18635c93-33cb-40ba-9023-b281843d2586", "isDeleted":"true", "size":"0", "version":"1759947800762"}}
{"logTime": "1008/182536", "correlationVector":"HyDgY07GQ73TzHMFw03vR/.2","action":"Commit Response", "result":"Success", "context":Result: Success. cV=HyDgY07GQ73TzHMFw03vR/.0;server=akswtt01800005f;cloudType=Consumer;environment=Prod_southindia_prod-s01-004-apac-southindia;migrationStage=NotStarted}
{"logTime": "1008/182636", "correlationVector":"Hl41D2obsKoyWAcmf9nu2/","action":"Commit Request", "result":"", "context":Item count: 2
Contributing types: Sessions, History}
{"logTime": "1008/182639", "correlationVector":"Hl41D2obsKoyWAcmf9nu2/.1","action":"SyncServerConnectionManagerRequest", "result":"SYNC_SERVER_OK", "context":{"environment":"Prod_southindia_prod-s01-004-apac-southindia", "migrationStage":"NotStarted", "server":"akswtt01800003s"}}
{"logTime": "1008/182639", "correlationVector":"Hl41D2obsKoyWAcmf9nu2/.2","action":"Commit Response", "result":"Success", "context":Result: Success. cV=Hl41D2obsKoyWAcmf9nu2/.0;server=akswtt01800003s;cloudType=Consumer;environment=Prod_southindia_prod-s01-004-apac-southindia;migrationStage=NotStarted}
{"logTime": "1008/182933", "correlationVector":"Nr+IcrEhQO1ZdKVZ8b+96d.1","action":"SyncServerConnectionManagerRequest", "result":"SYNC_SERVER_OK", "context":{"environment":"Prod_southindia_prod-s01-004-apac-southindia", "migrationStage":"NotStarted", "server":"akswtt01800004k"}}
{"logTime": "1008/182933", "correlationVector":"Nr+IcrEhQO1ZdKVZ8b+96d.2","action":"ProcessGetUpdates", "result":"Done", "context":{"dataType":"Encryption Keys", "deleted":"0", "process_failed_to_decrypt":"0", "process_pending_decryption":"0", "process_success":"1", "total":"1"}}
{"logTime": "1008/182935", "correlationVector":"ULFf3NpyL5wCrdwC28CyPF","action":"SyncServerConnectionManagerRequest", "result":"SYNC_SERVER_OK", "context":{"environment":"", "migrationStage":"", "server":""}}
{"logTime": "1008/182935", "correlationVector":"ULFf3NpyL5wCrdwC28CyPF.0","action":"EncryptionKeysFetcher.DownloadKeys:", "result":"Success", "context":Key count: 4, Last key timestamp: 2025-06-14T07:02:07Z}
{"logTime": "1008/182935", "correlationVector":"ULFf3NpyL5wCrdwC28CyPF.1","action":"EncryptionKeysManager::SetEncryptionKeys:", "result":"Success", "context":Key names[4]:[nWpa4CAtLF0B3bGmwWqZBiVxdMZO6pFtBUVS0lv6aCDCoUFdmNQsl0noaRYqxgmF5/t4HyGI1Tb4ND0VE9mTsA==][yADaKj3XFHR1AisnNFd74ZUP0GnvYcFYkQE/R7cY3zvjenAJsgX3UZWxhfTfKFgA4TFXYVReOihJ9exXf0ff2Q==][MWwrvj1KLtxHaHN7rP75wMjy3Qtg8x29TSkCR3Ow7LdSBXma03fqnH7+SZhR+O5tNsrxkevXkL6Epyy5fKHUCA==][fmiXNv+oiNUsictHepyoRaWvle3sn05P1V7qOvDtsY4lzedt7mvWYIfWWQulUNrvySGoHr2ci+64kK8dR2hHQg==]}
{"logTime": "1008/182935", "correlationVector":"ULFf3NpyL5wCrdwC28CyPF.2","action":"EncryptionKeysManager::SetEncryptionKeysWithTimestamps:", "result":"Success", "context":Key timestamps[4]:[2023-11-28T07:17:23Z][2024-06-09T04:57:17Z][2024-12-10T02:42:49Z][2025-06-14T07:02:07Z]}
{"logTime": "1008/182935", "correlationVector":"Nr+IcrEhQO1ZdKVZ8b+96d","action":"Initial GetUpdates", "result":"", "context":Reason: NEW_CLIENT. cV=Nr+IcrEhQO1ZdKVZ8b+96d}
{"logTime": "1008/182935", "correlationVector":"Nr+IcrEhQO1ZdKVZ8b+96d.3","action":"GetUpdates Response", "result":"Success", "context":Received 1 update(s). cV=Nr+IcrEhQO1ZdKVZ8b+96d.0;server=akswtt01800004k;cloudType=Consumer;environment=Prod_southindia_prod-s01-004-apac-southindia;migrationStage=NotStarted}
{"logTime": "1008/182935", "correlationVector":"L7QUuUteRxtNcPe1SiKURi","action":"Initial GetUpdates", "result":"", "context":Reason: NEWLY_SUPPORTED_DATATYPE. cV=L7QUuUteRxtNcPe1SiKURi}
{"logTime": "1008/182936", "correlationVector":"L7QUuUteRxtNcPe1SiKURi.1","action":"SyncServerConnectionManagerRequest", "result":"SYNC_SERVER_OK", "context":{"environment":"Prod_southindia_prod-s01-004-apac-southindia", "migrationStage":"NotStarted", "server":"akswtt01800005w"}}
{"logTime": "1008/182936", "correlationVector":"L7QUuUteRxtNcPe1SiKURi.2","action":"ProcessGetUpdates", "result":"Done", "context":{"dataType":"Passwords", "deleted":"0", "process_failed_to_decrypt":"0", "process_pending_decryption":"0", "process_success":"4", "total":"4"}}
{"logTime": "1008/182936", "correlationVector":"L7QUuUteRxtNcPe1SiKURi.3","action":"GetUpdates Response", "result":"Success", "context":Received 4 update(s). cV=L7QUuUteRxtNcPe1SiKURi.0;server=akswtt01800005w;cloudType=Consumer;environment=Prod_southindia_prod-s01-004-apac-southindia;migrationStage=NotStarted}
{"logTime": "1008/182936", "correlationVector":"Yzr2SOkceshDdqFHSzNYsC","action":"Normal GetUpdate request", "result":"", "context":cV=Yzr2SOkceshDdqFHSzNYsC
Nudged types: Sessions, History
Refresh requested types: Bookmarks, Preferences, Passwords, Autofill Profiles, Autofill, Extensions, Sessions, Extension settings, History Delete Directives, Device Info, User Consents, Send Tab To Self, Web Apps, History, Saved Tab Group, WebAuthn Credentials, Collection, Edge E Drop, Edge Hub App Usage, Edge Wallet, Encryption Keys}
{"logTime": "1008/182936", "correlationVector":"Yzr2SOkceshDdqFHSzNYsC.1","action":"SyncServerConnectionManagerRequest", "result":"SYNC_SERVER_OK", "context":{"environment":"Prod_southindia_prod-s01-004-apac-southindia", "migrationStage":"NotStarted", "server":"akswtt018000033"}}
{"logTime": "1008/182936", "correlationVector":"Yzr2SOkceshDdqFHSzNYsC.2","action":"ProcessGetUpdates", "result":"Done", "context":{"dataType":"Sessions", "deleted":"1", "process_failed_to_decrypt":"0", "process_pending_decryption":"0", "process_success":"3", "total":"3"}}
{"logTime": "1008/182936", "correlationVector":"Yzr2SOkceshDdqFHSzNYsC.3","action":"ProcessGetUpdates", "result":"Done", "context":{"dataType":"History", "deleted":"0", "process_failed_to_decrypt":"0", "process_pending_decryption":"0", "process_success":"2", "total":"2"}}
{"logTime": "1008/182936", "correlationVector":"Yzr2SOkceshDdqFHSzNYsC.4","action":"GetUpdates Response", "result":"Success", "context":Received 5 update(s). cV=Yzr2SOkceshDdqFHSzNYsC.0;server=akswtt018000033;cloudType=Consumer;environment=Prod_southindia_prod-s01-004-apac-southindia;migrationStage=NotStarted}
{"logTime": "1008/182936", "correlationVector":"EFkWKWpIA30pXrjUHopmUv","action":"Commit Request", "result":"", "context":Item count: 5
Contributing types: Sessions, History}
{"logTime": "1008/182938", "correlationVector":"EFkWKWpIA30pXrjUHopmUv.1","action":"SyncServerConnectionManagerRequest", "result":"SYNC_SERVER_OK", "context":{"environment":"Prod_southindia_prod-s01-004-apac-southindia", "migrationStage":"NotStarted", "server":"akswtt01800004k"}}
{"logTime": "1008/182938", "correlationVector":"EFkWKWpIA30pXrjUHopmUv.2","action":"Commit Response", "result":"Success", "context":Result: Success. cV=EFkWKWpIA30pXrjUHopmUv.0;server=akswtt01800004k;cloudType=Consumer;environment=Prod_southindia_prod-s01-004-apac-southindia;migrationStage=NotStarted}
{"logTime": "1008/182938", "correlationVector":"EFkWKWpIA30pXrjUHopmUv.3","action":"Commit.Sessions", "result":"Success", "context":{"id":"9643dfcd-10e0-490d-bc91-65092633d66d", "isDeleted":"true", "size":"0", "version":"1759947998156"}}
{"logTime": "1008/183038", "correlationVector":"S3U79y72jNmHLuTk3axG/8","action":"Commit Request", "result":"", "context":Item count: 2
Contributing types: Sessions, History}
{"logTime": "1008/183041", "correlationVector":"S3U79y72jNmHLuTk3axG/8.1","action":"SyncServerConnectionManagerRequest", "result":"SYNC_SERVER_OK", "context":{"environment":"Prod_southindia_prod-s01-004-apac-southindia", "migrationStage":"NotStarted", "server":"akswtt01800005e"}}
{"logTime": "1008/183041", "correlationVector":"S3U79y72jNmHLuTk3axG/8.2","action":"Commit Response", "result":"Success", "context":Result: Success. cV=S3U79y72jNmHLuTk3axG/8.0;server=akswtt01800005e;cloudType=Consumer;environment=Prod_southindia_prod-s01-004-apac-southindia;migrationStage=NotStarted}
{"logTime": "1008/183435", "correlationVector":"lf/StlQWUmltux6wOGtD4A.1","action":"SyncServerConnectionManagerRequest", "result":"SYNC_SERVER_OK", "context":{"environment":"Prod_southindia_prod-s01-004-apac-southindia", "migrationStage":"NotStarted", "server":"akswtt01800005v"}}
{"logTime": "1008/183435", "correlationVector":"lf/StlQWUmltux6wOGtD4A.2","action":"ProcessGetUpdates", "result":"Done", "context":{"dataType":"Encryption Keys", "deleted":"0", "process_failed_to_decrypt":"0", "process_pending_decryption":"0", "process_success":"1", "total":"1"}}
{"logTime": "1008/183436", "correlationVector":"n9Owlc1yCYIZ+mFk6pnNhQ","action":"SyncServerConnectionManagerRequest", "result":"SYNC_SERVER_OK", "context":{"environment":"", "migrationStage":"", "server":""}}
{"logTime": "1008/183436", "correlationVector":"n9Owlc1yCYIZ+mFk6pnNhQ.0","action":"EncryptionKeysFetcher.DownloadKeys:", "result":"Success", "context":Key count: 4, Last key timestamp: 2025-06-14T07:02:07Z}
{"logTime": "1008/183436", "correlationVector":"n9Owlc1yCYIZ+mFk6pnNhQ.1","action":"EncryptionKeysManager::SetEncryptionKeys:", "result":"Success", "context":Key names[4]:[nWpa4CAtLF0B3bGmwWqZBiVxdMZO6pFtBUVS0lv6aCDCoUFdmNQsl0noaRYqxgmF5/t4HyGI1Tb4ND0VE9mTsA==][yADaKj3XFHR1AisnNFd74ZUP0GnvYcFYkQE/R7cY3zvjenAJsgX3UZWxhfTfKFgA4TFXYVReOihJ9exXf0ff2Q==][MWwrvj1KLtxHaHN7rP75wMjy3Qtg8x29TSkCR3Ow7LdSBXma03fqnH7+SZhR+O5tNsrxkevXkL6Epyy5fKHUCA==][fmiXNv+oiNUsictHepyoRaWvle3sn05P1V7qOvDtsY4lzedt7mvWYIfWWQulUNrvySGoHr2ci+64kK8dR2hHQg==]}
{"logTime": "1008/183436", "correlationVector":"n9Owlc1yCYIZ+mFk6pnNhQ.2","action":"EncryptionKeysManager::SetEncryptionKeysWithTimestamps:", "result":"Success", "context":Key timestamps[4]:[2023-11-28T07:17:23Z][2024-06-09T04:57:17Z][2024-12-10T02:42:49Z][2025-06-14T07:02:07Z]}
{"logTime": "1008/183436", "correlationVector":"lf/StlQWUmltux6wOGtD4A","action":"Initial GetUpdates", "result":"", "context":Reason: NEW_CLIENT. cV=lf/StlQWUmltux6wOGtD4A}
{"logTime": "1008/183436", "correlationVector":"lf/StlQWUmltux6wOGtD4A.3","action":"GetUpdates Response", "result":"Success", "context":Received 1 update(s). cV=lf/StlQWUmltux6wOGtD4A.0;server=akswtt01800005v;cloudType=Consumer;environment=Prod_southindia_prod-s01-004-apac-southindia;migrationStage=NotStarted}
{"logTime": "1008/183436", "correlationVector":"L9ilD/gr9tOaKtv+uxYd4t","action":"Initial GetUpdates", "result":"", "context":Reason: NEWLY_SUPPORTED_DATATYPE. cV=L9ilD/gr9tOaKtv+uxYd4t}
{"logTime": "1008/183437", "correlationVector":"L9ilD/gr9tOaKtv+uxYd4t.1","action":"SyncServerConnectionManagerRequest", "result":"SYNC_SERVER_OK", "context":{"environment":"Prod_southindia_prod-s01-004-apac-southindia", "migrationStage":"NotStarted", "server":"akswtt01800005e"}}
{"logTime": "1008/183437", "correlationVector":"L9ilD/gr9tOaKtv+uxYd4t.2","action":"ProcessGetUpdates", "result":"Done", "context":{"dataType":"Passwords", "deleted":"0", "process_failed_to_decrypt":"0", "process_pending_decryption":"0", "process_success":"4", "total":"4"}}
{"logTime": "1008/183437", "correlationVector":"L9ilD/gr9tOaKtv+uxYd4t.3","action":"GetUpdates Response", "result":"Success", "context":Received 4 update(s). cV=L9ilD/gr9tOaKtv+uxYd4t.0;server=akswtt01800005e;cloudType=Consumer;environment=Prod_southindia_prod-s01-004-apac-southindia;migrationStage=NotStarted}
{"logTime": "1008/183437", "correlationVector":"8rCJ+//bTMx9CH3DvMJqzR","action":"Normal GetUpdate request", "result":"", "context":cV=8rCJ+//bTMx9CH3DvMJqzR
Nudged types: Sessions, History
Refresh requested types: Bookmarks, Preferences, Passwords, Autofill Profiles, Autofill, Extensions, Sessions, Extension settings, History Delete Directives, Device Info, User Consents, Send Tab To Self, Web Apps, History, Saved Tab Group, WebAuthn Credentials, Collection, Edge E Drop, Edge Hub App Usage, Edge Wallet, Encryption Keys}
{"logTime": "1008/183437", "correlationVector":"8rCJ+//bTMx9CH3DvMJqzR.1","action":"SyncServerConnectionManagerRequest", "result":"SYNC_SERVER_OK", "context":{"environment":"Prod_southindia_prod-s01-004-apac-southindia", "migrationStage":"NotStarted", "server":"akswtt01800003z"}}
{"logTime": "1008/183437", "correlationVector":"8rCJ+//bTMx9CH3DvMJqzR.2","action":"ProcessGetUpdates", "result":"Done", "context":{"dataType":"Sessions", "deleted":"1", "process_failed_to_decrypt":"0", "process_pending_decryption":"0", "process_success":"3", "total":"3"}}
{"logTime": "1008/183437", "correlationVector":"8rCJ+//bTMx9CH3DvMJqzR.3","action":"ProcessGetUpdates", "result":"Done", "context":{"dataType":"History", "deleted":"0", "process_failed_to_decrypt":"0", "process_pending_decryption":"0", "process_success":"2", "total":"2"}}
{"logTime": "1008/183437", "correlationVector":"8rCJ+//bTMx9CH3DvMJqzR.4","action":"GetUpdates Response", "result":"Success", "context":Received 5 update(s). cV=8rCJ+//bTMx9CH3DvMJqzR.0;server=akswtt01800003z;cloudType=Consumer;environment=Prod_southindia_prod-s01-004-apac-southindia;migrationStage=NotStarted}
{"logTime": "1008/183440", "correlationVector":"3lwtzAumdmOil38rBJTmxC","action":"Commit Request", "result":"", "context":Item count: 5
Contributing types: Sessions, History}
{"logTime": "1008/183441", "correlationVector":"3lwtzAumdmOil38rBJTmxC.1","action":"SyncServerConnectionManagerRequest", "result":"SYNC_SERVER_OK", "context":{"environment":"Prod_southindia_prod-s01-004-apac-southindia", "migrationStage":"NotStarted", "server":"akswtt018000064"}}
{"logTime": "1008/183441", "correlationVector":"3lwtzAumdmOil38rBJTmxC.3","action":"Commit.Sessions", "result":"Success", "context":{"id":"ced4a116-54bd-48cb-a196-14e180766efe", "isDeleted":"true", "size":"0", "version":"1759948240355"}}
{"logTime": "1008/183441", "correlationVector":"3lwtzAumdmOil38rBJTmxC.2","action":"Commit Response", "result":"Success", "context":Result: Success. cV=3lwtzAumdmOil38rBJTmxC.0;server=akswtt018000064;cloudType=Consumer;environment=Prod_southindia_prod-s01-004-apac-southindia;migrationStage=NotStarted}
{"logTime": "1008/183541", "correlationVector":"h+VvTV0ciH0EaRpvLbie5k","action":"Commit Request", "result":"", "context":Item count: 2
Contributing types: Sessions, History}
{"logTime": "1008/183542", "correlationVector":"h+VvTV0ciH0EaRpvLbie5k.1","action":"SyncServerConnectionManagerRequest", "result":"SYNC_SERVER_OK", "context":{"environment":"Prod_southindia_prod-s01-004-apac-southindia", "migrationStage":"NotStarted", "server":"akswtt01800005l"}}
{"logTime": "1008/183542", "correlationVector":"h+VvTV0ciH0EaRpvLbie5k.2","action":"Commit Response", "result":"Success", "context":Result: Success. cV=h+VvTV0ciH0EaRpvLbie5k.0;server=akswtt01800005l;cloudType=Consumer;environment=Prod_southindia_prod-s01-004-apac-southindia;migrationStage=NotStarted}
