{"logTime": "1004/042308", "correlationVector":"iT1bDax750TTcTEI7zvWqq.1","action":"SyncServerConnectionManagerRequest", "result":"SYNC_SERVER_OK", "context":{"environment":"Prod_southindia_prod-s01-004-apac-southindia", "migrationStage":"NotStarted", "server":"akswtt018000002"}}
{"logTime": "1004/042312", "correlationVector":"iT1bDax750TTcTEI7zvWqq.2","action":"ProcessGetUpdates", "result":"Done", "context":{"dataType":"Encryption Keys", "deleted":"0", "process_failed_to_decrypt":"0", "process_pending_decryption":"0", "process_success":"1", "total":"1"}}
{"logTime": "1004/042314", "correlationVector":"Lf0j4GZxwEiXP60DYKXHMp","action":"SyncServerConnectionManagerRequest", "result":"SYNC_SERVER_OK", "context":{"environment":"", "migrationStage":"", "server":""}}
{"logTime": "1004/042314", "correlationVector":"Lf0j4GZxwEiXP60DYKXHMp.0","action":"EncryptionKeysFetcher.DownloadKeys:", "result":"Success", "context":Key count: 4, Last key timestamp: 2025-06-14T07:02:07Z}
{"logTime": "1004/042314", "correlationVector":"Lf0j4GZxwEiXP60DYKXHMp.1","action":"EncryptionKeysManager::SetEncryptionKeys:", "result":"Success", "context":Key names[4]:[nWpa4CAtLF0B3bGmwWqZBiVxdMZO6pFtBUVS0lv6aCDCoUFdmNQsl0noaRYqxgmF5/t4HyGI1Tb4ND0VE9mTsA==][yADaKj3XFHR1AisnNFd74ZUP0GnvYcFYkQE/R7cY3zvjenAJsgX3UZWxhfTfKFgA4TFXYVReOihJ9exXf0ff2Q==][MWwrvj1KLtxHaHN7rP75wMjy3Qtg8x29TSkCR3Ow7LdSBXma03fqnH7+SZhR+O5tNsrxkevXkL6Epyy5fKHUCA==][fmiXNv+oiNUsictHepyoRaWvle3sn05P1V7qOvDtsY4lzedt7mvWYIfWWQulUNrvySGoHr2ci+64kK8dR2hHQg==]}
{"logTime": "1004/042314", "correlationVector":"Lf0j4GZxwEiXP60DYKXHMp.2","action":"EncryptionKeysManager::SetEncryptionKeysWithTimestamps:", "result":"Success", "context":Key timestamps[4]:[2023-11-28T07:17:23Z][2024-06-09T04:57:17Z][2024-12-10T02:42:49Z][2025-06-14T07:02:07Z]}
{"logTime": "1004/042314", "correlationVector":"iT1bDax750TTcTEI7zvWqq","action":"Initial GetUpdates", "result":"", "context":Reason: NEW_CLIENT. cV=iT1bDax750TTcTEI7zvWqq}
{"logTime": "1004/042314", "correlationVector":"iT1bDax750TTcTEI7zvWqq.3","action":"GetUpdates Response", "result":"Success", "context":Received 1 update(s). cV=iT1bDax750TTcTEI7zvWqq.0;server=akswtt018000002;cloudType=Consumer;environment=Prod_southindia_prod-s01-004-apac-southindia;migrationStage=NotStarted}
{"logTime": "1004/042314", "correlationVector":"Ud8gM5dAqxzEBmmOWD2MRr","action":"Initial GetUpdates", "result":"", "context":Reason: NEWLY_SUPPORTED_DATATYPE. cV=Ud8gM5dAqxzEBmmOWD2MRr}
{"logTime": "1004/042314", "correlationVector":"Ud8gM5dAqxzEBmmOWD2MRr.1","action":"SyncServerConnectionManagerRequest", "result":"SYNC_SERVER_OK", "context":{"environment":"Prod_southindia_prod-s01-004-apac-southindia", "migrationStage":"NotStarted", "server":"akswtt01800004t"}}
{"logTime": "1004/042314", "correlationVector":"Ud8gM5dAqxzEBmmOWD2MRr.2","action":"ProcessGetUpdates", "result":"Done", "context":{"dataType":"Preferences", "deleted":"0", "process_failed_to_decrypt":"0", "process_pending_decryption":"0", "process_success":"58", "total":"58"}}
{"logTime": "1004/042314", "correlationVector":"Ud8gM5dAqxzEBmmOWD2MRr.3","action":"ProcessGetUpdates", "result":"Done", "context":{"dataType":"Passwords", "deleted":"0", "process_failed_to_decrypt":"0", "process_pending_decryption":"0", "process_success":"4", "total":"4"}}
{"logTime": "1004/042314", "correlationVector":"Ud8gM5dAqxzEBmmOWD2MRr.4","action":"ProcessGetUpdates", "result":"Done", "context":{"dataType":"Device Info", "deleted":"0", "process_failed_to_decrypt":"0", "process_pending_decryption":"0", "process_success":"1", "total":"1"}}
{"logTime": "1004/042314", "correlationVector":"Ud8gM5dAqxzEBmmOWD2MRr.5","action":"GetUpdates Response", "result":"Success", "context":Received 63 update(s). cV=Ud8gM5dAqxzEBmmOWD2MRr.0;server=akswtt01800004t;cloudType=Consumer;environment=Prod_southindia_prod-s01-004-apac-southindia;migrationStage=NotStarted}
{"logTime": "1004/042314", "correlationVector":"OkNtfEY90XAJnvIHZk6Jam","action":"Initial GetUpdates", "result":"", "context":Reason: NEWLY_SUPPORTED_DATATYPE. cV=OkNtfEY90XAJnvIHZk6Jam}
{"logTime": "1004/042315", "correlationVector":"OkNtfEY90XAJnvIHZk6Jam.1","action":"SyncServerConnectionManagerRequest", "result":"SYNC_SERVER_OK", "context":{"environment":"Prod_southindia_prod-s01-004-apac-southindia", "migrationStage":"NotStarted", "server":"akswtt01800001a"}}
{"logTime": "1004/042315", "correlationVector":"OkNtfEY90XAJnvIHZk6Jam.2","action":"ProcessGetUpdates", "result":"Done", "context":{"dataType":"Bookmarks", "deleted":"0", "process_failed_to_decrypt":"0", "process_pending_decryption":"0", "process_success":"13", "total":"13"}}
{"logTime": "1004/042315", "correlationVector":"OkNtfEY90XAJnvIHZk6Jam.3","action":"GetUpdates Response", "result":"Success", "context":Received 13 update(s). cV=OkNtfEY90XAJnvIHZk6Jam.0;server=akswtt01800001a;cloudType=Consumer;environment=Prod_southindia_prod-s01-004-apac-southindia;migrationStage=NotStarted}
{"logTime": "1004/042315", "correlationVector":"nHkLtjJFnbNVZ9NIcdMjH7","action":"Initial GetUpdates", "result":"", "context":Reason: NEWLY_SUPPORTED_DATATYPE. cV=nHkLtjJFnbNVZ9NIcdMjH7}
{"logTime": "1004/042316", "correlationVector":"nHkLtjJFnbNVZ9NIcdMjH7.1","action":"SyncServerConnectionManagerRequest", "result":"SYNC_SERVER_OK", "context":{"environment":"Prod_southindia_prod-s01-004-apac-southindia", "migrationStage":"NotStarted", "server":"akswtt018000037"}}
{"logTime": "1004/042316", "correlationVector":"nHkLtjJFnbNVZ9NIcdMjH7.2","action":"ProcessGetUpdates", "result":"Done", "context":{"dataType":"Autofill Profiles", "deleted":"0", "process_failed_to_decrypt":"0", "process_pending_decryption":"0", "process_success":"2", "total":"2"}}
{"logTime": "1004/042316", "correlationVector":"nHkLtjJFnbNVZ9NIcdMjH7.3","action":"ProcessGetUpdates", "result":"Done", "context":{"dataType":"Autofill", "deleted":"0", "process_failed_to_decrypt":"0", "process_pending_decryption":"0", "process_success":"11", "total":"11"}}
{"logTime": "1004/042316", "correlationVector":"nHkLtjJFnbNVZ9NIcdMjH7.4","action":"ProcessGetUpdates", "result":"Done", "context":{"dataType":"Sessions", "deleted":"8", "process_failed_to_decrypt":"0", "process_pending_decryption":"0", "process_success":"10", "total":"10"}}
{"logTime": "1004/042316", "correlationVector":"nHkLtjJFnbNVZ9NIcdMjH7.5","action":"ProcessGetUpdates", "result":"Done", "context":{"dataType":"Edge Hub App Usage", "deleted":"0", "process_failed_to_decrypt":"0", "process_pending_decryption":"0", "process_success":"2", "total":"2"}}
{"logTime": "1004/042316", "correlationVector":"nHkLtjJFnbNVZ9NIcdMjH7.6","action":"GetUpdates Response", "result":"Success", "context":Received 25 update(s). cV=nHkLtjJFnbNVZ9NIcdMjH7.0;server=akswtt018000037;cloudType=Consumer;environment=Prod_southindia_prod-s01-004-apac-southindia;migrationStage=NotStarted}
{"logTime": "1004/042316", "correlationVector":"yFjMPF+P5irfLXktm3uJsK","action":"Initial GetUpdates", "result":"", "context":Reason: NEWLY_SUPPORTED_DATATYPE. cV=yFjMPF+P5irfLXktm3uJsK}
{"logTime": "1004/042316", "correlationVector":"yFjMPF+P5irfLXktm3uJsK.1","action":"SyncServerConnectionManagerRequest", "result":"SYNC_SERVER_OK", "context":{"environment":"Prod_southindia_prod-s01-004-apac-southindia", "migrationStage":"NotStarted", "server":"akswtt01800003e"}}
{"logTime": "1004/042316", "correlationVector":"yFjMPF+P5irfLXktm3uJsK.2","action":"ProcessGetUpdates", "result":"Done", "context":{"dataType":"History", "deleted":"0", "process_failed_to_decrypt":"0", "process_pending_decryption":"0", "process_success":"11", "total":"11"}}
{"logTime": "1004/042316", "correlationVector":"yFjMPF+P5irfLXktm3uJsK.3","action":"GetUpdates Response", "result":"Success", "context":Received 11 update(s). cV=yFjMPF+P5irfLXktm3uJsK.0;server=akswtt01800003e;cloudType=Consumer;environment=Prod_southindia_prod-s01-004-apac-southindia;migrationStage=NotStarted}
{"logTime": "1004/042316", "correlationVector":"iDwbwkdXX4SfaEUieZIwZJ","action":"Normal GetUpdate request", "result":"", "context":cV=iDwbwkdXX4SfaEUieZIwZJ
Nudged types: Sessions, Device Info, User Consents
Refresh requested types: Bookmarks, Preferences, Passwords, Autofill Profiles, Autofill, Extensions, Sessions, Extension settings, History Delete Directives, Device Info, User Consents, Send Tab To Self, Web Apps, History, Saved Tab Group, WebAuthn Credentials, Collection, Edge E Drop, Edge Hub App Usage, Edge Wallet, Encryption Keys}
{"logTime": "1004/042318", "correlationVector":"iDwbwkdXX4SfaEUieZIwZJ.1","action":"SyncServerConnectionManagerRequest", "result":"SYNC_SERVER_OK", "context":{"environment":"Prod_southindia_prod-s01-004-apac-southindia", "migrationStage":"NotStarted", "server":"akswtt018000041"}}
{"logTime": "1004/042318", "correlationVector":"iDwbwkdXX4SfaEUieZIwZJ.2","action":"GetUpdates Response", "result":"Success", "context":Received 0 update(s). cV=iDwbwkdXX4SfaEUieZIwZJ.0;server=akswtt018000041;cloudType=Consumer;environment=Prod_southindia_prod-s01-004-apac-southindia;migrationStage=NotStarted}
{"logTime": "1004/042318", "correlationVector":"Apx4Wlyns1IuDhEOwFxuZI","action":"DoCompareDataConsistency requsted types: ", "result":"Bookmarks, Preferences, Passwords, Extensions, Extension settings, History Delete Directives, Send Tab To Self, Web Apps, History, Saved Tab Group, WebAuthn Credentials, Collection, Edge E Drop, Edge Wallet, Encryption Keys"}
{"logTime": "1004/042318", "correlationVector":"Apx4Wlyns1IuDhEOwFxuZI.0","action":"CompareDataConsistency result: ", "result":"Compare result: Encryption Keys is consistent. local entities count is: 1 local entities hash is: 8X+yG4GAzFfxlKj7icHTD4q6pJY="}
{"logTime": "1004/042318", "correlationVector":"Apx4Wlyns1IuDhEOwFxuZI.1","action":"CompareDataConsistency result: ", "result":"Compare result: Bookmarks is consistent. local entities count is: 7 local entities hash is: /CfzlmjBky+b9i2nw7/UB2/8A5E="}
{"logTime": "1004/042318", "correlationVector":"Apx4Wlyns1IuDhEOwFxuZI.2","action":"CompareDataConsistency result: ", "result":"Compare result: Preferences is consistent. local entities count is: 58 local entities hash is: psFqViD6w++E/qF9bdatJurtFQE="}
{"logTime": "1004/042318", "correlationVector":"Apx4Wlyns1IuDhEOwFxuZI.3","action":"CompareDataConsistency result: ", "result":"Compare result: Extensions is consistent. local entities count is: 0 local entities hash is: "}
{"logTime": "1004/042318", "correlationVector":"Apx4Wlyns1IuDhEOwFxuZI.4","action":"CompareDataConsistency result: ", "result":"Compare result: Extension settings is consistent. local entities count is: 0 local entities hash is: "}
{"logTime": "1004/042318", "correlationVector":"Apx4Wlyns1IuDhEOwFxuZI.5","action":"CompareDataConsistency result: ", "result":"Compare result: History Delete Directives is consistent. local entities count is: 0 local entities hash is: "}
{"logTime": "1004/042318", "correlationVector":"Apx4Wlyns1IuDhEOwFxuZI.6","action":"CompareDataConsistency result: ", "result":"Server did not send this Send Tab To Self local entities count is: 0 local entities hash is: "}
{"logTime": "1004/042318", "correlationVector":"Apx4Wlyns1IuDhEOwFxuZI.7","action":"CompareDataConsistency result: ", "result":"Compare result: Web Apps is consistent. local entities count is: 0 local entities hash is: "}
{"logTime": "1004/042318", "correlationVector":"Apx4Wlyns1IuDhEOwFxuZI.8","action":"CompareDataConsistency result: ", "result":"Server did not send this History local entities count is: 0 local entities hash is: "}
{"logTime": "1004/042318", "correlationVector":"Apx4Wlyns1IuDhEOwFxuZI.9","action":"CompareDataConsistency result: ", "result":"Compare result: Saved Tab Group is consistent. local entities count is: 0 local entities hash is: "}
{"logTime": "1004/042318", "correlationVector":"Apx4Wlyns1IuDhEOwFxuZI.10","action":"CompareDataConsistency result: ", "result":"Server did not send this WebAuthn Credentials local entities count is: 0 local entities hash is: "}
{"logTime": "1004/042318", "correlationVector":"Apx4Wlyns1IuDhEOwFxuZI.11","action":"CompareDataConsistency result: ", "result":"Compare result: Collection is consistent. local entities count is: 0 local entities hash is: "}
{"logTime": "1004/042318", "correlationVector":"Apx4Wlyns1IuDhEOwFxuZI.12","action":"CompareDataConsistency result: ", "result":"Compare result: Edge E Drop is consistent. local entities count is: 0 local entities hash is: "}
{"logTime": "1004/042318", "correlationVector":"Apx4Wlyns1IuDhEOwFxuZI.13","action":"CompareDataConsistency result: ", "result":"Compare result: Edge Wallet is consistent. local entities count is: 0 local entities hash is: "}
{"logTime": "1004/042318", "correlationVector":"Apx4Wlyns1IuDhEOwFxuZI.14","action":"CompareDataConsistency result: ", "result":"Compare result: Passwords is consistent. local entities count is: 4 local entities hash is: +4keklwSkhdnBceFqfdCmtCH/rM="}
{"logTime": "1004/042318", "correlationVector":"I5lbC+GZLhbk8U/SYO4gQL","action":"Commit Request", "result":"", "context":Item count: 5
Contributing types: Sessions, Device Info, User Consents}
{"logTime": "1004/042320", "correlationVector":"I5lbC+GZLhbk8U/SYO4gQL.1","action":"SyncServerConnectionManagerRequest", "result":"SYNC_SERVER_OK", "context":{"environment":"Prod_southindia_prod-s01-004-apac-southindia", "migrationStage":"NotStarted", "server":"akswtt01800001m"}}
{"logTime": "1004/042320", "correlationVector":"I5lbC+GZLhbk8U/SYO4gQL.2","action":"Commit Response", "result":"Success", "context":Result: Success. cV=I5lbC+GZLhbk8U/SYO4gQL.0;server=akswtt01800001m;cloudType=Consumer;environment=Prod_southindia_prod-s01-004-apac-southindia;migrationStage=NotStarted}
{"logTime": "1004/042320", "correlationVector":"","action":"DIAGNOSTIC_REQUEST|v1/diagnosticData/Diagnostic.SendCheckResult()|SUCCESS", "result":""}
{"logTime": "1004/042353", "correlationVector":"yycmXHVZ/5mntcX2/hnSRX","action":"Commit Request", "result":"", "context":Item count: 3
Contributing types: Passwords, Sessions, History}
{"logTime": "1004/042355", "correlationVector":"yycmXHVZ/5mntcX2/hnSRX.1","action":"SyncServerConnectionManagerRequest", "result":"SYNC_SERVER_OK", "context":{"environment":"Prod_southindia_prod-s01-004-apac-southindia", "migrationStage":"NotStarted", "server":"akswtt018000033"}}
{"logTime": "1004/042355", "correlationVector":"yycmXHVZ/5mntcX2/hnSRX.2","action":"Commit Response", "result":"Success", "context":Result: Success. cV=yycmXHVZ/5mntcX2/hnSRX.0;server=akswtt018000033;cloudType=Consumer;environment=Prod_southindia_prod-s01-004-apac-southindia;migrationStage=NotStarted}
